2017-11-28 21:31:24  [main] DEBUG Main:22 - Приложение App-A запущено
2017-11-28 21:31:24  [main] DEBUG Main:30 - ---Установка соеденения---
2017-11-28 21:33:03  [main] DEBUG Main:22 - Приложение App-A запущено
2017-11-28 21:33:03  [main] DEBUG Main:30 - ---Установка соеденения---
2017-11-28 21:33:18  [main] DEBUG Main:22 - Приложение App-A запущено
2017-11-28 21:33:18  [main] DEBUG Main:30 - ---Установка соеденения---
2017-11-28 21:33:31  [main] DEBUG Main:22 - Приложение App-A запущено
2017-11-28 21:33:31  [main] DEBUG Main:30 - ---Установка соеденения---
2017-11-28 21:34:11  [main] DEBUG Main:22 - Приложение App-A запущено
2017-11-28 21:34:11  [main] DEBUG Main:30 - ---Установка соеденения---
2017-11-28 21:34:22  [main] DEBUG Main:22 - Приложение App-A запущено
2017-11-28 21:34:22  [main] DEBUG Main:30 - ---Установка соеденения---
2017-11-28 21:34:32  [main] DEBUG Main:22 - Приложение App-A запущено
2017-11-28 21:34:32  [main] DEBUG Main:30 - ---Установка соеденения---
2017-11-28 21:34:44  [main] DEBUG Main:22 - Приложение App-A запущено
2017-11-28 21:34:44  [main] DEBUG Main:30 - ---Установка соеденения---
2017-11-28 21:35:56  [main] DEBUG Main:22 - Приложение App-A запущено
2017-11-28 21:35:56  [main] DEBUG Main:30 - ---Установка соеденения---
2017-11-28 21:37:13  [main] DEBUG Main:22 - Приложение App-A запущено
2017-11-28 21:37:13  [main] DEBUG Main:30 - ---Установка соеденения---
2017-11-28 21:37:34  [main] DEBUG Main:22 - Приложение App-A запущено
2017-11-28 21:37:34  [main] DEBUG Main:30 - ---Установка соеденения---
2017-11-29 01:04:54  [main] DEBUG Main:21 - Приложение App-A запущено
2017-11-29 01:04:54  [main] DEBUG Main:29 - ---Установка соеденения---
2017-11-29 01:05:49  [main] DEBUG Main:21 - Приложение App-A запущено
2017-11-29 01:05:49  [main] DEBUG Main:29 - ---Установка соеденения---
2017-11-29 11:16:15  [main] DEBUG Main:20 - Приложение App-A запущено
2017-11-29 11:16:15  [main] DEBUG Main:28 - ---Установка соеденения---
2017-11-29 11:16:43  [main] DEBUG Main:20 - Приложение App-A запущено
2017-11-29 11:16:43  [main] DEBUG Main:28 - ---Установка соеденения---
2017-11-29 17:18:06  [main] DEBUG Main:20 - Приложение App-A запущено
2017-11-29 17:18:06  [main] DEBUG Main:28 - ---Установка соеденения---
2017-11-29 17:22:50  [main] DEBUG Main:20 - Приложение App-A запущено
2017-11-29 17:22:50  [main] DEBUG Main:28 - ---Установка соеденения---
2017-11-29 17:23:12  [main] DEBUG Main:20 - Приложение App-A запущено
2017-11-29 17:23:12  [main] DEBUG Main:28 - ---Установка соеденения---
2017-11-29 17:26:10  [main] DEBUG Main:20 - Приложение App-A запущено
2017-11-29 17:26:10  [main] DEBUG Main:28 - ---Установка соеденения---
2017-11-29 17:26:24  [main] DEBUG Main:20 - Приложение App-A запущено
2017-11-29 17:26:24  [main] DEBUG Main:28 - ---Установка соеденения---
2017-11-29 17:26:41  [main] DEBUG Main:20 - Приложение App-A запущено
2017-11-29 17:26:41  [main] DEBUG Main:28 - ---Установка соеденения---
2017-11-29 17:26:53  [main] DEBUG Main:20 - Приложение App-A запущено
2017-11-29 17:26:53  [main] DEBUG Main:28 - ---Установка соеденения---
2017-11-29 17:27:03  [main] DEBUG Main:20 - Приложение App-A запущено
2017-11-29 17:27:03  [main] DEBUG Main:28 - ---Установка соеденения---
2017-11-29 17:27:13  [main] DEBUG Main:20 - Приложение App-A запущено
2017-11-29 17:27:13  [main] DEBUG Main:28 - ---Установка соеденения---
2017-11-29 17:27:24  [main] DEBUG Main:20 - Приложение App-A запущено
2017-11-29 17:27:24  [main] DEBUG Main:28 - ---Установка соеденения---
2017-11-29 17:27:34  [main] DEBUG Main:20 - Приложение App-A запущено
2017-11-29 17:27:34  [main] DEBUG Main:28 - ---Установка соеденения---
2017-11-29 17:27:44  [main] DEBUG Main:20 - Приложение App-A запущено
2017-11-29 17:27:44  [main] DEBUG Main:28 - ---Установка соеденения---
2017-11-29 17:29:08  [main] DEBUG Main:20 - Приложение App-A запущено
2017-11-29 17:29:08  [main] DEBUG Main:28 - ---Установка соеденения---
2017-11-29 17:30:17  [main] DEBUG Main:20 - Приложение App-A запущено
2017-11-29 17:30:17  [main] DEBUG Main:28 - ---Установка соеденения---
2017-11-29 17:30:31  [main] DEBUG Main:20 - Приложение App-A запущено
2017-11-29 17:30:31  [main] DEBUG Main:28 - ---Установка соеденения---
2017-11-29 17:30:31  [main] DEBUG Main:30 - Выполнение миграций
2017-11-29 17:30:32  [main] DEBUG Main:32 - Соеденение прошло успешно
2017-11-29 17:30:32  [main] DEBUG Main:43 - Параметров не передано,выполняется вывод справки
2017-11-29 17:31:24  [main] DEBUG Main:20 - Приложение App-A запущено
2017-11-29 17:31:24  [main] DEBUG Main:28 - ---Установка соеденения---
2017-11-29 17:31:24  [main] DEBUG Main:30 - Выполнение миграций
2017-11-29 17:31:25  [main] DEBUG Main:32 - Соеденение прошло успешно
2017-11-29 17:31:25  [main] DEBUG Main:43 - Параметров не передано,выполняется вывод справки
2017-11-29 17:31:47  [main] DEBUG Main:20 - Приложение App-A запущено
2017-11-29 17:31:47  [main] DEBUG Main:28 - ---Установка соеденения---
2017-11-29 17:31:47  [main] DEBUG Main:30 - Выполнение миграций
2017-11-29 17:31:48  [main] DEBUG Main:32 - Соеденение прошло успешно
2017-11-29 17:31:48  [main] DEBUG Main:43 - Параметров не передано,выполняется вывод справки
2017-11-29 17:32:04  [main] DEBUG Main:20 - Приложение App-A запущено
2017-11-29 17:32:04  [main] DEBUG Main:28 - ---Установка соеденения---
2017-11-29 17:37:49  [main] DEBUG Main:20 - Приложение App-A запущено
2017-11-29 17:37:49  [main] DEBUG Main:28 - ---Установка соеденения---
2017-11-29 17:37:49  [main] DEBUG Main:30 - Выполнение миграций
2017-11-29 17:37:50  [main] DEBUG Main:32 - Соеденение прошло успешно
2017-11-29 17:37:50  [main] DEBUG Main:43 - Параметров не передано,выполняется вывод справки
2017-11-29 18:32:11  [main] DEBUG Main:20 - Приложение App-A запущено
2017-11-29 18:32:11  [main] DEBUG Main:28 - ---Установка соеденения---
2017-11-29 18:32:11  [main] DEBUG Main:30 - Выполнение миграций
2017-11-29 18:32:12  [main] DEBUG Main:32 - Соеденение прошло успешно
2017-11-29 18:32:12  [main] DEBUG Main:43 - Параметров не передано,выполняется вывод справки
2017-11-29 18:38:51  [main] DEBUG Main:20 - Приложение App-A запущено
2017-11-29 18:38:51  [main] DEBUG Main:28 - ---Установка соеденения---
2017-11-29 18:38:51  [main] DEBUG Main:30 - Выполнение миграций
2017-11-29 18:38:52  [main] DEBUG Main:32 - Соеденение прошло успешно
2017-11-29 18:38:52  [main] DEBUG Main:43 - Параметров не передано,выполняется вывод справки
2017-11-29 18:39:30  [main] DEBUG Main:20 - Приложение App-A запущено
2017-11-29 18:39:30  [main] DEBUG Main:28 - ---Установка соеденения---
2017-11-29 18:39:30  [main] DEBUG Main:30 - Выполнение миграций
2017-11-29 18:39:31  [main] DEBUG Main:32 - Соеденение прошло успешно
2017-11-29 18:39:31  [main] DEBUG Main:43 - Параметров не передано,выполняется вывод справки
2017-11-29 18:39:41  [main] DEBUG Main:20 - Приложение App-A запущено
2017-11-29 18:39:41  [main] DEBUG Main:28 - ---Установка соеденения---
2017-11-29 18:39:41  [main] DEBUG Main:30 - Выполнение миграций
2017-11-29 18:39:42  [main] DEBUG Main:32 - Соеденение прошло успешно
2017-11-29 18:39:42  [main] DEBUG Main:43 - Параметров не передано,выполняется вывод справки
2017-11-29 18:42:20  [main] DEBUG Main:20 - Приложение App-A запущено
2017-11-29 18:42:20  [main] DEBUG Main:28 - ---Установка соеденения---
2017-11-29 18:42:20  [main] DEBUG Main:30 - Выполнение миграций
2017-11-29 18:42:21  [main] DEBUG Main:32 - Соеденение прошло успешно
2017-11-29 18:42:21  [main] DEBUG Main:43 - Параметров не передано,выполняется вывод справки
2017-11-29 18:42:29  [main] DEBUG Main:20 - Приложение App-A запущено
2017-11-29 18:42:29  [main] DEBUG Main:28 - ---Установка соеденения---
2017-11-29 18:42:29  [main] ERROR AuthorizationDao:45 - Подключение не удалось 
java.sql.SQLException: The url cannot be null
	at java.sql.DriverManager.getConnection(DriverManager.java:649) ~[?:1.8.0_144]
	at java.sql.DriverManager.getConnection(DriverManager.java:247) ~[?:1.8.0_144]
	at service.ConnectionService.getDbConnection(ConnectionService.java:43) [classes/:?]
	at Main.main(Main.java:29) [classes/:?]
2017-11-29 18:42:29  [main] ERROR Main:65 - Ошибка БД
service.DbException: Подключение не удалось
	at service.ConnectionService.getDbConnection(ConnectionService.java:46) ~[classes/:?]
	at Main.main(Main.java:29) [classes/:?]
Caused by: java.sql.SQLException: The url cannot be null
	at java.sql.DriverManager.getConnection(DriverManager.java:649) ~[?:1.8.0_144]
	at java.sql.DriverManager.getConnection(DriverManager.java:247) ~[?:1.8.0_144]
	at service.ConnectionService.getDbConnection(ConnectionService.java:43) ~[classes/:?]
	... 1 more
2017-11-29 18:42:53  [main] DEBUG Main:20 - Приложение App-A запущено
2017-11-29 18:42:53  [main] DEBUG Main:28 - ---Установка соеденения---
2017-11-29 18:42:54  [main] DEBUG Main:30 - Выполнение миграций
2017-11-29 18:42:54  [main] DEBUG Main:32 - Соеденение прошло успешно
2017-11-29 18:42:54  [main] DEBUG Main:43 - Параметров не передано,выполняется вывод справки
2017-11-29 18:46:38  [main] DEBUG Main:20 - Приложение App-A запущено
2017-11-29 18:46:38  [main] DEBUG Main:28 - ---Установка соеденения---
2017-11-29 18:46:38  [main] DEBUG Main:30 - Выполнение миграций
2017-11-29 18:46:38  [main] DEBUG Main:32 - Соеденение прошло успешно
2017-11-29 18:46:38  [main] DEBUG Main:43 - Параметров не передано,выполняется вывод справки
2017-11-29 18:52:39  [main] DEBUG Main:20 - Приложение App-A запущено
2017-11-29 18:52:39  [main] DEBUG Main:28 - ---Установка соеденения---
2017-11-29 18:52:39  [main] DEBUG Main:30 - Выполнение миграций
2017-11-29 18:52:40  [main] DEBUG Main:32 - Соеденение прошло успешно
2017-11-29 18:52:40  [main] DEBUG Main:43 - Параметров не передано,выполняется вывод справки
2017-11-29 18:57:19  [main] DEBUG Main:20 - Приложение App-A запущено
2017-11-29 18:57:19  [main] DEBUG Main:28 - ---Установка соеденения---
2017-11-29 18:57:19  [main] DEBUG Main:30 - Выполнение миграций
2017-11-29 18:57:19  [main] DEBUG Main:32 - Соеденение прошло успешно
2017-11-29 18:57:19  [main] DEBUG Main:43 - Параметров не передано,выполняется вывод справки
2017-11-29 19:01:42  [main] DEBUG Main:20 - Приложение App-A запущено
2017-11-29 19:01:42  [main] DEBUG Main:28 - ---Установка соеденения---
2017-11-29 19:01:43  [main] DEBUG Main:30 - Выполнение миграций
2017-11-29 19:01:43  [main] DEBUG Main:32 - Соеденение прошло успешно
2017-11-29 19:01:43  [main] DEBUG Main:48 - Передано 2 параметра UserData{login='Roman', password='123', role='null', resource='null', dataStart='null', dataEnd='null', volume='null'} , выполняется аутентификация
2017-11-29 19:01:43  [main] DEBUG AuthenticationDao:47 - Выполняется поиск перданного логина - Roman в базе
2017-11-29 19:01:43  [main] DEBUG AuthenticationDao:53 - Запрос выполнен успешно
2017-11-29 19:01:43  [main] DEBUG AuthenticationDao:71 - Выполняется поиск пароля пользователя- Roman в базе
2017-11-29 19:01:43  [main] DEBUG AuthenticationDao:77 - Запрос выполнен успешно.
2017-11-29 19:01:43  [main] DEBUG AuthenticationDao:94 - Выполняется поиск соли пользователя - Roman в базе
2017-11-29 19:01:43  [main] DEBUG AuthenticationDao:99 - Запрос выполнен успешно.
2017-11-29 19:01:43  [main] DEBUG AuthenticationService:31 - Пароль 123 верный для пользователя Roman
2017-11-29 19:07:40  [main] DEBUG Main:20 - Приложение App-A запущено
2017-11-29 19:07:40  [main] DEBUG Main:28 - ---Установка соеденения---
2017-11-29 19:07:41  [main] DEBUG Main:30 - Выполнение миграций
2017-11-29 19:07:41  [main] DEBUG Main:32 - Соеденение прошло успешно
2017-11-29 19:07:41  [main] DEBUG Main:48 - Передано 2 параметра UserData{login='Roman', password='123', role='null', resource='null', dataStart='null', dataEnd='null', volume='null'} , выполняется аутентификация
2017-11-29 19:07:41  [main] DEBUG AuthenticationDao:47 - Выполняется поиск перданного логина - Roman в базе
2017-11-29 19:07:41  [main] DEBUG AuthenticationDao:53 - Запрос выполнен успешно
2017-11-29 19:07:41  [main] DEBUG AuthenticationDao:71 - Выполняется поиск пароля пользователя- Roman в базе
2017-11-29 19:07:41  [main] DEBUG AuthenticationDao:77 - Запрос выполнен успешно.
2017-11-29 19:07:41  [main] DEBUG AuthenticationDao:94 - Выполняется поиск соли пользователя - Roman в базе
2017-11-29 19:07:41  [main] DEBUG AuthenticationDao:99 - Запрос выполнен успешно.
2017-11-29 19:07:41  [main] DEBUG AuthenticationService:31 - Пароль 123 верный для пользователя Roman
2017-11-29 19:07:52  [main] DEBUG Main:20 - Приложение App-A запущено
2017-11-29 19:07:52  [main] DEBUG Main:28 - ---Установка соеденения---
2017-11-29 19:07:53  [main] DEBUG Main:30 - Выполнение миграций
2017-11-29 19:07:53  [main] DEBUG Main:32 - Соеденение прошло успешно
2017-11-29 19:07:53  [main] DEBUG Main:48 - Передано 2 параметра UserData{login='Roman', password='1231', role='null', resource='null', dataStart='null', dataEnd='null', volume='null'} , выполняется аутентификация
2017-11-29 19:07:53  [main] DEBUG AuthenticationDao:47 - Выполняется поиск перданного логина - Roman в базе
2017-11-29 19:07:53  [main] DEBUG AuthenticationDao:53 - Запрос выполнен успешно
2017-11-29 19:07:53  [main] DEBUG AuthenticationDao:71 - Выполняется поиск пароля пользователя- Roman в базе
2017-11-29 19:07:53  [main] DEBUG AuthenticationDao:77 - Запрос выполнен успешно.
2017-11-29 19:07:53  [main] DEBUG AuthenticationDao:94 - Выполняется поиск соли пользователя - Roman в базе
2017-11-29 19:07:53  [main] DEBUG AuthenticationDao:99 - Запрос выполнен успешно.
2017-11-29 19:07:53  [main] ERROR AuthenticationService:28 - Пароль 1231 не верный для пользователя Roman
2017-11-29 19:13:04  [main] DEBUG Main:20 - Приложение App-A запущено
2017-11-29 19:13:04  [main] DEBUG Main:28 - ---Установка соеденения---
2017-11-29 19:13:05  [main] DEBUG Main:30 - Выполнение миграций
2017-11-29 19:13:05  [main] DEBUG Main:32 - Соеденение прошло успешно
2017-11-29 19:13:05  [main] DEBUG Main:48 - Передано 2 параметра UserData{login='Roman', password='123', role='READ', resource='a.b', dataStart='null', dataEnd='null', volume='null'} , выполняется аутентификация
2017-11-29 19:13:05  [main] DEBUG AuthenticationDao:47 - Выполняется поиск перданного логина - Roman в базе
2017-11-29 19:13:05  [main] DEBUG AuthenticationDao:53 - Запрос выполнен успешно
2017-11-29 19:13:05  [main] DEBUG AuthenticationDao:71 - Выполняется поиск пароля пользователя- Roman в базе
2017-11-29 19:13:05  [main] DEBUG AuthenticationDao:77 - Запрос выполнен успешно.
2017-11-29 19:13:05  [main] DEBUG AuthenticationDao:94 - Выполняется поиск соли пользователя - Roman в базе
2017-11-29 19:13:05  [main] DEBUG AuthenticationDao:99 - Запрос выполнен успешно.
2017-11-29 19:13:05  [main] DEBUG AuthenticationService:31 - Пароль 123 верный для пользователя Roman
2017-11-29 19:13:05  [main] DEBUG Main:53 - Передано 4 параметра UserData{login='Roman', password='123', role='READ', resource='a.b', dataStart='null', dataEnd='null', volume='null'}, выполняется авторизация
2017-11-29 19:13:05  [main] DEBUG AuthenticationDao:24 - Выполняется поиск id пользователя - Roman в базе
2017-11-29 19:13:05  [main] DEBUG AuthenticationDao:30 - Запрос выполнен успешно
2017-11-29 19:13:05  [main] DEBUG AuthorizationDao:32 - Выполняется поиск переданного ресурса - a.b пользователя Roman в БД
2017-11-29 19:13:05  [main] ERROR AuthorizationService:30 - Пользователь Roman имеет доступ к ресурсу a.b
2017-11-29 19:13:21  [main] DEBUG Main:20 - Приложение App-A запущено
2017-11-29 19:13:21  [main] DEBUG Main:28 - ---Установка соеденения---
2017-11-29 19:13:21  [main] DEBUG Main:30 - Выполнение миграций
2017-11-29 19:13:21  [main] DEBUG Main:32 - Соеденение прошло успешно
2017-11-29 19:13:21  [main] DEBUG Main:48 - Передано 2 параметра UserData{login='Roman', password='123', role='READ', resource='a.b.c', dataStart='null', dataEnd='null', volume='null'} , выполняется аутентификация
2017-11-29 19:13:21  [main] DEBUG AuthenticationDao:47 - Выполняется поиск перданного логина - Roman в базе
2017-11-29 19:13:21  [main] DEBUG AuthenticationDao:53 - Запрос выполнен успешно
2017-11-29 19:13:21  [main] DEBUG AuthenticationDao:71 - Выполняется поиск пароля пользователя- Roman в базе
2017-11-29 19:13:21  [main] DEBUG AuthenticationDao:77 - Запрос выполнен успешно.
2017-11-29 19:13:21  [main] DEBUG AuthenticationDao:94 - Выполняется поиск соли пользователя - Roman в базе
2017-11-29 19:13:21  [main] DEBUG AuthenticationDao:99 - Запрос выполнен успешно.
2017-11-29 19:13:21  [main] DEBUG AuthenticationService:31 - Пароль 123 верный для пользователя Roman
2017-11-29 19:13:21  [main] DEBUG Main:53 - Передано 4 параметра UserData{login='Roman', password='123', role='READ', resource='a.b.c', dataStart='null', dataEnd='null', volume='null'}, выполняется авторизация
2017-11-29 19:13:21  [main] DEBUG AuthenticationDao:24 - Выполняется поиск id пользователя - Roman в базе
2017-11-29 19:13:21  [main] DEBUG AuthenticationDao:30 - Запрос выполнен успешно
2017-11-29 19:13:21  [main] DEBUG AuthorizationDao:32 - Выполняется поиск переданного ресурса - a.b.c пользователя Roman в БД
2017-11-29 19:13:21  [main] ERROR AuthorizationService:30 - Пользователь Roman имеет доступ к ресурсу a.b.c
2017-11-29 19:13:37  [main] DEBUG Main:20 - Приложение App-A запущено
2017-11-29 19:13:37  [main] DEBUG Main:28 - ---Установка соеденения---
2017-11-29 19:13:38  [main] DEBUG Main:30 - Выполнение миграций
2017-11-29 19:13:38  [main] DEBUG Main:32 - Соеденение прошло успешно
2017-11-29 19:13:38  [main] DEBUG Main:48 - Передано 2 параметра UserData{login='Roman', password='123', role='READ1', resource='a.b.c', dataStart='null', dataEnd='null', volume='null'} , выполняется аутентификация
2017-11-29 19:13:38  [main] DEBUG AuthenticationDao:47 - Выполняется поиск перданного логина - Roman в базе
2017-11-29 19:13:38  [main] DEBUG AuthenticationDao:53 - Запрос выполнен успешно
2017-11-29 19:13:38  [main] DEBUG AuthenticationDao:71 - Выполняется поиск пароля пользователя- Roman в базе
2017-11-29 19:13:38  [main] DEBUG AuthenticationDao:77 - Запрос выполнен успешно.
2017-11-29 19:13:38  [main] DEBUG AuthenticationDao:94 - Выполняется поиск соли пользователя - Roman в базе
2017-11-29 19:13:38  [main] DEBUG AuthenticationDao:99 - Запрос выполнен успешно.
2017-11-29 19:13:38  [main] DEBUG AuthenticationService:31 - Пароль 123 верный для пользователя Roman
2017-11-29 19:13:38  [main] DEBUG Main:53 - Передано 4 параметра UserData{login='Roman', password='123', role='READ1', resource='a.b.c', dataStart='null', dataEnd='null', volume='null'}, выполняется авторизация
2017-11-29 19:13:38  [main] ERROR AuthorizationService:22 - Роль READ1 не существует
2017-11-29 20:09:26  [main] DEBUG Main:20 - Приложение App-A запущено
2017-11-29 20:09:26  [main] DEBUG Main:28 - ---Установка соеденения---
2017-11-29 20:09:26  [main] DEBUG Main:30 - Выполнение миграций
2017-11-29 20:09:26  [main] DEBUG Main:32 - Соеденение прошло успешно
2017-11-29 20:09:26  [main] DEBUG Main:43 - Параметров не передано,выполняется вывод справки
2017-11-29 20:57:34  [main] DEBUG Main:20 - Приложение App-A запущено
2017-11-29 20:57:35  [main] DEBUG Main:28 - ---Установка соеденения---
2017-11-29 20:57:35  [main] DEBUG Main:30 - Выполнение миграций
2017-11-29 20:57:35  [main] DEBUG Main:32 - Соеденение прошло успешно
2017-11-29 20:57:35  [main] DEBUG Main:43 - Параметров не передано,выполняется вывод справки
2017-11-29 20:58:24  [main] DEBUG Main:20 - Приложение App-A запущено
2017-11-29 20:58:24  [main] DEBUG Main:28 - ---Установка соеденения---
2017-11-29 20:58:25  [main] DEBUG Main:30 - Выполнение миграций
2017-11-29 20:58:25  [main] DEBUG Main:32 - Соеденение прошло успешно
2017-11-29 20:58:25  [main] DEBUG Main:48 - Передано 2 параметра UserData{login='Roman', password='123', role='READ', resource='a.b.c', dataStart='null', dataEnd='null', volume='null'} , выполняется аутентификация
2017-11-29 20:58:25  [main] DEBUG AuthenticationDao:47 - Выполняется поиск перданного логина - Roman в базе
2017-11-29 20:58:25  [main] DEBUG AuthenticationDao:53 - Запрос выполнен успешно
2017-11-29 20:58:25  [main] DEBUG AuthenticationDao:71 - Выполняется поиск пароля пользователя- Roman в базе
2017-11-29 20:58:25  [main] DEBUG AuthenticationDao:77 - Запрос выполнен успешно.
2017-11-29 20:58:25  [main] DEBUG AuthenticationDao:94 - Выполняется поиск соли пользователя - Roman в базе
2017-11-29 20:58:25  [main] DEBUG AuthenticationDao:99 - Запрос выполнен успешно.
2017-11-29 20:58:25  [main] DEBUG AuthenticationService:31 - Пароль 123 верный для пользователя Roman
2017-11-29 20:58:25  [main] DEBUG Main:53 - Передано 4 параметра UserData{login='Roman', password='123', role='READ', resource='a.b.c', dataStart='null', dataEnd='null', volume='null'}, выполняется авторизация
2017-11-29 20:58:25  [main] DEBUG AuthenticationDao:24 - Выполняется поиск id пользователя - Roman в базе
2017-11-29 20:58:25  [main] DEBUG AuthenticationDao:30 - Запрос выполнен успешно
2017-11-29 20:58:25  [main] DEBUG AuthorizationDao:32 - Выполняется поиск переданного ресурса - a.b.c пользователя Roman в БД
2017-11-29 20:58:25  [main] ERROR AuthorizationService:30 - Пользователь Roman имеет доступ к ресурсу a.b.c
2017-11-29 21:01:45  [main] DEBUG Main:20 - Приложение App-A запущено
2017-11-29 21:01:45  [main] DEBUG Main:28 - ---Установка соеденения---
2017-11-29 21:01:46  [main] DEBUG Main:30 - Выполнение миграций
2017-11-29 21:01:46  [main] DEBUG Main:32 - Соеденение прошло успешно
2017-11-29 21:01:46  [main] DEBUG Main:48 - Передано 2 параметра UserData{login='Roman', password='123', role='null', resource='null', dataStart='null', dataEnd='null', volume='null'} , выполняется аутентификация
2017-11-29 21:01:46  [main] DEBUG AuthenticationDao:47 - Выполняется поиск перданного логина - Roman в базе
2017-11-29 21:01:46  [main] DEBUG AuthenticationDao:53 - Запрос выполнен успешно
2017-11-29 21:01:46  [main] DEBUG AuthenticationDao:71 - Выполняется поиск пароля пользователя- Roman в базе
2017-11-29 21:01:46  [main] DEBUG AuthenticationDao:77 - Запрос выполнен успешно.
2017-11-29 21:01:46  [main] DEBUG AuthenticationDao:94 - Выполняется поиск соли пользователя - Roman в базе
2017-11-29 21:01:46  [main] DEBUG AuthenticationDao:99 - Запрос выполнен успешно.
2017-11-29 21:01:46  [main] DEBUG AuthenticationService:31 - Пароль 123 верный для пользователя Roman
2017-11-29 21:04:25  [main] DEBUG Main:20 - Приложение App-A запущено
2017-11-29 21:04:25  [main] DEBUG Main:28 - ---Установка соеденения---
2017-11-29 21:04:25  [main] DEBUG Main:30 - Выполнение миграций
2017-11-29 21:04:26  [main] DEBUG Main:32 - Соеденение прошло успешно
2017-11-29 21:04:26  [main] DEBUG Main:48 - Передано 2 параметра UserData{login='Roman', password='123', role='null', resource='null', dataStart='null', dataEnd='null', volume='null'} , выполняется аутентификация
2017-11-29 21:04:26  [main] DEBUG AuthenticationDao:47 - Выполняется поиск перданного логина - Roman в базе
2017-11-29 21:04:26  [main] DEBUG AuthenticationDao:53 - Запрос выполнен успешно
2017-11-29 21:04:26  [main] DEBUG AuthenticationDao:71 - Выполняется поиск пароля пользователя- Roman в базе
2017-11-29 21:04:26  [main] DEBUG AuthenticationDao:77 - Запрос выполнен успешно.
2017-11-29 21:04:26  [main] DEBUG AuthenticationDao:94 - Выполняется поиск соли пользователя - Roman в базе
2017-11-29 21:04:26  [main] DEBUG AuthenticationDao:99 - Запрос выполнен успешно.
2017-11-29 21:04:26  [main] DEBUG AuthenticationService:31 - Пароль 123 верный для пользователя Roman
2017-11-29 21:08:37  [main] ERROR AuthenticationService:24 - Логин Roman не найден
2017-11-29 21:09:08  [main] ERROR AuthenticationService:24 - Логин Roman не найден
2017-11-29 21:10:17  [main] ERROR AuthenticationService:24 - Логин Roman не найден
2017-11-29 21:11:12  [main] ERROR AuthenticationService:24 - Логин Roman не найден
2017-11-29 21:13:13  [main] ERROR AuthenticationService:24 - Логин Roman не найден
2017-11-29 21:13:54  [main] ERROR AuthenticationService:24 - Логин Roman не найден
2017-11-29 21:14:35  [main] ERROR AuthenticationService:24 - Логин Roman не найден
2017-11-29 21:18:48  [main] ERROR AuthenticationService:24 - Логин -login Roman не найден
2017-11-29 21:20:07  [main] ERROR AuthenticationService:24 - Логин Roman не найден
2017-11-29 21:21:03  [main] DEBUG Main:20 - Приложение App-A запущено
2017-11-29 21:21:03  [main] DEBUG Main:28 - ---Установка соеденения---
2017-11-29 21:21:03  [main] DEBUG Main:30 - Выполнение миграций
2017-11-29 21:21:03  [main] DEBUG Main:32 - Соеденение прошло успешно
2017-11-29 21:21:03  [main] DEBUG Main:43 - Параметров не передано,выполняется вывод справки
2017-11-29 21:21:28  [main] DEBUG Main:20 - Приложение App-A запущено
2017-11-29 21:21:28  [main] DEBUG Main:28 - ---Установка соеденения---
2017-11-29 21:21:28  [main] DEBUG Main:30 - Выполнение миграций
2017-11-29 21:21:28  [main] DEBUG Main:32 - Соеденение прошло успешно
2017-11-29 21:21:28  [main] DEBUG Main:48 - Передано 2 параметра UserData{login='Roman', password='123', role='null', resource='null', dataStart='null', dataEnd='null', volume='null'} , выполняется аутентификация
2017-11-29 21:21:28  [main] DEBUG AuthenticationDao:47 - Выполняется поиск перданного логина - Roman в базе
2017-11-29 21:21:28  [main] DEBUG AuthenticationDao:53 - Запрос выполнен успешно
2017-11-29 21:21:28  [main] DEBUG AuthenticationDao:71 - Выполняется поиск пароля пользователя- Roman в базе
2017-11-29 21:21:28  [main] DEBUG AuthenticationDao:77 - Запрос выполнен успешно.
2017-11-29 21:21:28  [main] DEBUG AuthenticationDao:94 - Выполняется поиск соли пользователя - Roman в базе
2017-11-29 21:21:28  [main] DEBUG AuthenticationDao:99 - Запрос выполнен успешно.
2017-11-29 21:21:28  [main] DEBUG AuthenticationService:31 - Пароль 123 верный для пользователя Roman
2017-11-29 21:21:39  [main] DEBUG Main:20 - Приложение App-A запущено
2017-11-29 21:21:39  [main] DEBUG Main:28 - ---Установка соеденения---
2017-11-29 21:21:39  [main] DEBUG Main:30 - Выполнение миграций
2017-11-29 21:21:40  [main] DEBUG Main:32 - Соеденение прошло успешно
2017-11-29 21:21:40  [main] DEBUG Main:48 - Передано 2 параметра UserData{login='Roman1', password='123', role='null', resource='null', dataStart='null', dataEnd='null', volume='null'} , выполняется аутентификация
2017-11-29 21:21:40  [main] DEBUG AuthenticationDao:47 - Выполняется поиск перданного логина - Roman в базе
2017-11-29 21:21:40  [main] DEBUG AuthenticationDao:53 - Запрос выполнен успешно
2017-11-29 21:21:40  [main] DEBUG AuthenticationDao:71 - Выполняется поиск пароля пользователя- Roman в базе
2017-11-29 21:21:40  [main] DEBUG AuthenticationDao:77 - Запрос выполнен успешно.
2017-11-29 21:21:40  [main] DEBUG AuthenticationDao:94 - Выполняется поиск соли пользователя - Roman в базе
2017-11-29 21:21:40  [main] DEBUG AuthenticationDao:99 - Запрос выполнен успешно.
2017-11-29 21:21:40  [main] DEBUG AuthenticationService:31 - Пароль 123 верный для пользователя Roman
2017-11-29 21:22:05  [main] DEBUG Main:20 - Приложение App-A запущено
2017-11-29 21:22:05  [main] DEBUG Main:28 - ---Установка соеденения---
2017-11-29 21:22:06  [main] DEBUG Main:30 - Выполнение миграций
2017-11-29 21:22:06  [main] DEBUG Main:32 - Соеденение прошло успешно
2017-11-29 21:22:06  [main] DEBUG Main:48 - Передано 2 параметра UserData{login='Roman1', password='123', role='null', resource='null', dataStart='null', dataEnd='null', volume='null'} , выполняется аутентификация
2017-11-29 21:22:06  [main] DEBUG AuthenticationDao:47 - Выполняется поиск перданного логина - Roman1 в базе
2017-11-29 21:22:06  [main] DEBUG AuthenticationDao:53 - Запрос выполнен успешно
2017-11-29 21:22:06  [main] DEBUG AuthenticationDao:71 - Выполняется поиск пароля пользователя- Roman1 в базе
2017-11-29 21:22:06  [main] DEBUG AuthenticationDao:77 - Запрос выполнен успешно.
2017-11-29 21:22:06  [main] DEBUG AuthenticationDao:94 - Выполняется поиск соли пользователя - Roman1 в базе
2017-11-29 21:22:06  [main] DEBUG AuthenticationDao:99 - Запрос выполнен успешно.
2017-11-29 21:22:06  [main] ERROR AuthenticationService:28 - Пароль 123 не верный для пользователя Roman1
2017-11-29 21:22:21  [main] ERROR AuthenticationService:24 - Логин Roman1W не найден
2017-11-29 21:22:35  [main] ERROR AuthenticationService:24 - Логин Roman не найден
2017-11-29 21:22:58  [main] ERROR AuthenticationService:24 - Логин Roman1 не найден
2017-11-29 21:25:08  [main] ERROR AuthenticationService:24 - Логин Roman  не найден
2017-11-29 21:28:01  [main] ERROR AuthenticationService:28 - Пароль 6b1535f97c2a20f93c899060586b6287 не верный для пользователя Roman
2017-11-29 21:29:00  [main] ERROR AuthenticationService:24 - Логин Roman не найден
2017-11-29 21:29:34  [main] ERROR AuthenticationService:28 - Пароль 6b1535f97c2a20f93c899060586b6287 не верный для пользователя Roman
2017-11-29 21:30:20  [main] ERROR AuthenticationService:28 - Пароль 6b1535f97c2a20f93c899060586b6287 не верный для пользователя Roman
2017-11-29 21:30:35  [main] ERROR AuthenticationService:28 - Пароль 6b1535f97c2a20f93c899060586b6287 не верный для пользователя Roman
2017-11-29 21:30:48  [main] ERROR AuthenticationService:24 - Логин Roman не найден
2017-11-29 21:32:04  [main] ERROR AuthenticationService:28 - Пароль 6b1535f97c2a20f93c899060586b6287 не верный для пользователя Roman
2017-11-29 21:32:36  [main] ERROR AuthenticationService:24 - Логин Roman не найден
2017-11-29 21:35:14  [main] ERROR AuthenticationService:28 - Пароль 6b1535f97c2a20f93c899060586b6287 не верный для пользователя Roman
2017-11-29 21:35:41  [main] ERROR AuthenticationService:28 - Пароль 6b1535f97c2a20f93c899060586b6287 не верный для пользователя Roman
2017-11-29 21:36:27  [main] ERROR AuthenticationService:24 - Логин Roman не найден
2017-11-29 21:37:04  [main] ERROR AuthenticationService:28 - Пароль 6b1535f97c2a20f93c899060586b6287 не верный для пользователя Roman
2017-11-29 21:37:21  [main] ERROR AuthenticationService:24 - Логин Roman не найден
2017-11-29 21:41:14  [main] ERROR AuthenticationService:24 - Логин Roman не найден
2017-11-29 21:41:26  [main] ERROR AuthenticationService:28 - Пароль 6b1535f97c2a20f93c899060586b6287 не верный для пользователя Roman
2017-11-29 21:46:30  [main] ERROR AuthenticationService:24 - Логин Roman не найден
2017-11-29 21:47:18  [main] ERROR AuthenticationService:28 - Пароль 6b1535f97c2a20f93c899060586b6287 не верный для пользователя Roman
2017-11-29 21:47:55  [main] ERROR AuthenticationService:28 - Пароль 6b1535f97c2a20f93c899060586b6287 не верный для пользователя Roman
2017-11-29 21:48:43  [main] ERROR AuthenticationService:24 - Логин Roman не найден
2017-11-29 21:55:05  [main] ERROR AuthenticationService:24 - Логин Roman не найден
2017-11-29 21:56:18  [main] ERROR AuthenticationService:24 - Логин Roman не найден
2017-11-29 22:05:25  [main] ERROR AuthenticationService:24 - Логин Roman не найден
2017-11-29 22:52:54  [main] DEBUG Main:20 - Приложение App-A запущено
2017-11-29 22:52:54  [main] DEBUG Main:28 - ---Установка соеденения---
2017-11-29 22:52:55  [main] DEBUG Main:30 - Выполнение миграций
2017-11-29 22:52:55  [main] DEBUG Main:32 - Соеденение прошло успешно
2017-11-29 22:52:55  [main] DEBUG Main:48 - Передано 2 параметра UserData{login='Roman', password='123', role='READ', resource='a.b.c', dataStart='null', dataEnd='null', volume='null'} , выполняется аутентификация
2017-11-29 22:52:55  [main] DEBUG AuthenticationDao:47 - Выполняется поиск перданного логина - Roman в базе
2017-11-29 22:52:55  [main] DEBUG AuthenticationDao:53 - Запрос выполнен успешно
2017-11-29 22:52:55  [main] DEBUG AuthenticationDao:71 - Выполняется поиск пароля пользователя- Roman в базе
2017-11-29 22:52:55  [main] DEBUG AuthenticationDao:77 - Запрос выполнен успешно.
2017-11-29 22:52:55  [main] DEBUG AuthenticationDao:94 - Выполняется поиск соли пользователя - Roman в базе
2017-11-29 22:52:55  [main] DEBUG AuthenticationDao:99 - Запрос выполнен успешно.
2017-11-29 22:52:55  [main] DEBUG AuthenticationService:31 - Пароль 123 верный для пользователя Roman
2017-11-29 22:52:55  [main] DEBUG Main:53 - Передано 4 параметра UserData{login='Roman', password='123', role='READ', resource='a.b.c', dataStart='null', dataEnd='null', volume='null'}, выполняется авторизация
2017-11-29 22:52:55  [main] DEBUG AuthenticationDao:24 - Выполняется поиск id пользователя - Roman в базе
2017-11-29 22:52:55  [main] DEBUG AuthenticationDao:30 - Запрос выполнен успешно
2017-11-29 22:52:55  [main] DEBUG AuthorizationDao:32 - Выполняется поиск переданного ресурса - a.b.c пользователя Roman в БД
2017-11-29 22:52:55  [main] ERROR AuthorizationService:30 - Пользователь Roman имеет доступ к ресурсу a.b.c
2017-11-29 22:53:20  [main] DEBUG Main:20 - Приложение App-A запущено
2017-11-29 22:53:20  [main] DEBUG Main:28 - ---Установка соеденения---
2017-11-29 22:53:21  [main] DEBUG Main:30 - Выполнение миграций
2017-11-29 22:53:21  [main] DEBUG Main:32 - Соеденение прошло успешно
2017-11-29 22:53:21  [main] DEBUG Main:48 - Передано 2 параметра UserData{login='Roman', password='123', role='READ', resource='a.b.c', dataStart='null', dataEnd='null', volume='null'} , выполняется аутентификация
2017-11-29 22:53:21  [main] DEBUG AuthenticationDao:47 - Выполняется поиск перданного логина - Roman в базе
2017-11-29 22:53:21  [main] DEBUG AuthenticationDao:53 - Запрос выполнен успешно
2017-11-29 22:53:21  [main] DEBUG AuthenticationDao:71 - Выполняется поиск пароля пользователя- Roman в базе
2017-11-29 22:53:21  [main] DEBUG AuthenticationDao:77 - Запрос выполнен успешно.
2017-11-29 22:53:21  [main] DEBUG AuthenticationDao:94 - Выполняется поиск соли пользователя - Roman в базе
2017-11-29 22:53:21  [main] DEBUG AuthenticationDao:99 - Запрос выполнен успешно.
2017-11-29 22:53:21  [main] DEBUG AuthenticationService:31 - Пароль 123 верный для пользователя Roman
2017-11-29 22:53:21  [main] DEBUG Main:53 - Передано 4 параметра UserData{login='Roman', password='123', role='READ', resource='a.b.c', dataStart='null', dataEnd='null', volume='null'}, выполняется авторизация
2017-11-29 22:53:21  [main] DEBUG AuthenticationDao:24 - Выполняется поиск id пользователя - Roman в базе
2017-11-29 22:53:21  [main] DEBUG AuthenticationDao:30 - Запрос выполнен успешно
2017-11-29 22:53:21  [main] DEBUG AuthorizationDao:32 - Выполняется поиск переданного ресурса - a.b.c пользователя Roman в БД
2017-11-29 22:53:21  [main] ERROR AuthorizationService:30 - Пользователь Roman имеет доступ к ресурсу a.b.c
2017-11-29 23:27:05  [main] ERROR AuthenticationService:24 - Логин Roma1 не найден
2017-11-29 23:27:21  [main] ERROR AuthenticationService:28 - Пароль 123 не верный для пользователя Roman
2017-11-29 23:27:51  [main] ERROR AuthenticationService:28 - Пароль 6b1535f97c2a20f93c899060586b6287 не верный для пользователя Roman
2017-11-29 23:28:19  [main] ERROR AuthenticationService:28 - Пароль 6b1535f97c2a20f93c899060586b6287 не верный для пользователя Roman
2017-11-29 23:28:46  [main] ERROR AuthenticationService:28 - Пароль 6b1535f97c2a20f93c899060586b6287 не верный для пользователя Roman
2017-11-29 23:29:12  [main] ERROR AuthenticationService:24 - Логин Roman1 не найден
2017-11-29 23:30:38  [main] ERROR AuthenticationService:24 - Логин Roman1 не найден
2017-11-29 23:31:01  [main] ERROR AuthenticationService:24 - Логин Roman1 не найден
2017-11-29 23:31:42  [main] ERROR AuthenticationService:24 - Логин Roman1 не найден
2017-11-29 23:31:55  [main] ERROR AuthenticationService:28 - Пароль 6b1535f97c2a20f93c899060586b6287 не верный для пользователя Roman
2017-11-29 23:32:58  [main] ERROR AuthenticationService:28 - Пароль 6b1535f97c2a20f93c899060586b6287 не верный для пользователя Roman
2017-11-29 23:33:44  [main] ERROR AuthenticationService:28 - Пароль 6b1535f97c2a20f93c899060586b6287 не верный для пользователя Roman
2017-11-29 23:34:07  [main] ERROR AuthenticationService:28 - Пароль 123 не верный для пользователя Roman
2017-11-29 23:34:10  [main] ERROR AuthenticationService:28 - Пароль 123 не верный для пользователя Roman
2017-11-29 23:41:06  [main] ERROR AuthenticationService:28 - Пароль 6b1535f97c2a20f93c899060586b6287 не верный для пользователя Roman
2017-11-29 23:41:58  [main] ERROR AuthenticationService:28 - Пароль 6b1535f97c2a20f93c899060586b6287 не верный для пользователя Roman
2017-11-29 23:42:39  [main] ERROR AuthenticationService:28 - Пароль 123 не верный для пользователя Roman
2017-11-29 23:43:04  [main] ERROR AuthenticationService:28 - Пароль 123 не верный для пользователя Roman
2017-11-29 23:46:00  [main] ERROR AuthenticationService:28 - Пароль 123 не верный для пользователя Roman
2017-11-29 23:46:50  [main] DEBUG Main:20 - Приложение App-A запущено
2017-11-29 23:46:50  [main] DEBUG Main:28 - ---Установка соеденения---
2017-11-29 23:46:50  [main] DEBUG Main:30 - Выполнение миграций
2017-11-29 23:46:51  [main] DEBUG Main:32 - Соеденение прошло успешно
2017-11-29 23:46:51  [main] DEBUG Main:48 - Передано 2 параметра UserData{login='Roman', password='123', role='null', resource='null', dataStart='null', dataEnd='null', volume='null'} , выполняется аутентификация
2017-11-29 23:46:51  [main] DEBUG AuthenticationDao:47 - Выполняется поиск перданного логина - Roman в базе
2017-11-29 23:46:51  [main] DEBUG AuthenticationDao:53 - Запрос выполнен успешно
2017-11-29 23:46:51  [main] DEBUG AuthenticationDao:71 - Выполняется поиск пароля пользователя- Roman в базе
2017-11-29 23:46:51  [main] DEBUG AuthenticationDao:77 - Запрос выполнен успешно.
2017-11-29 23:46:51  [main] DEBUG AuthenticationDao:94 - Выполняется поиск соли пользователя - Roman в базе
2017-11-29 23:46:51  [main] DEBUG AuthenticationDao:99 - Запрос выполнен успешно.
2017-11-29 23:46:51  [main] DEBUG AuthenticationService:31 - Пароль 123 верный для пользователя Roman
2017-11-29 23:47:13  [main] DEBUG Main:20 - Приложение App-A запущено
2017-11-29 23:47:13  [main] DEBUG Main:28 - ---Установка соеденения---
2017-11-29 23:47:13  [main] DEBUG Main:30 - Выполнение миграций
2017-11-29 23:47:13  [main] DEBUG Main:32 - Соеденение прошло успешно
2017-11-29 23:47:13  [main] DEBUG Main:48 - Передано 2 параметра UserData{login='Roman', password='1231', role='null', resource='null', dataStart='null', dataEnd='null', volume='null'} , выполняется аутентификация
2017-11-29 23:47:13  [main] DEBUG AuthenticationDao:47 - Выполняется поиск перданного логина - Roman в базе
2017-11-29 23:47:13  [main] DEBUG AuthenticationDao:53 - Запрос выполнен успешно
2017-11-29 23:47:13  [main] DEBUG AuthenticationDao:71 - Выполняется поиск пароля пользователя- Roman в базе
2017-11-29 23:47:13  [main] DEBUG AuthenticationDao:77 - Запрос выполнен успешно.
2017-11-29 23:47:13  [main] DEBUG AuthenticationDao:94 - Выполняется поиск соли пользователя - Roman в базе
2017-11-29 23:47:13  [main] DEBUG AuthenticationDao:99 - Запрос выполнен успешно.
2017-11-29 23:47:14  [main] ERROR AuthenticationService:28 - Пароль 1231 не верный для пользователя Roman
2017-11-29 23:48:25  [main] ERROR AuthenticationService:28 - Пароль 123 не верный для пользователя Roman
2017-11-29 23:49:41  [main] ERROR AuthenticationService:28 - Пароль 123 не верный для пользователя Roman
2017-11-29 23:50:32  [main] ERROR AuthenticationService:28 - Пароль 123 не верный для пользователя Roman
2017-11-29 23:51:49  [main] ERROR AuthenticationService:28 - Пароль 123 не верный для пользователя Roman
2017-11-29 23:52:26  [main] ERROR AuthenticationService:28 - Пароль 123 не верный для пользователя Roman
2017-11-29 23:52:44  [main] ERROR AuthenticationService:28 - Пароль 6b1535f97c2a20f93c899060586b6287 не верный для пользователя Roman
2017-11-29 23:55:06  [main] ERROR AuthenticationService:28 - Пароль 123 не верный для пользователя Roman
2017-11-29 23:57:04  [main] DEBUG AuthenticationDao:47 - Выполняется поиск перданного логина - xxx в базе
2017-11-29 23:57:04  [main] DEBUG AuthenticationDao:53 - Запрос выполнен успешно
2017-11-29 23:57:42  [main] DEBUG AuthenticationDao:47 - Выполняется поиск перданного логина - Roman в базе
2017-11-29 23:57:42  [main] DEBUG AuthenticationDao:53 - Запрос выполнен успешно
2017-11-29 23:57:42  [main] DEBUG AuthenticationDao:71 - Выполняется поиск пароля пользователя- Roman в базе
2017-11-29 23:57:42  [main] DEBUG AuthenticationDao:77 - Запрос выполнен успешно.
2017-11-29 23:57:42  [main] DEBUG AuthenticationDao:94 - Выполняется поиск соли пользователя - Roman в базе
2017-11-29 23:57:42  [main] DEBUG AuthenticationDao:99 - Запрос выполнен успешно.
2017-11-29 23:57:42  [main] DEBUG AuthenticationService:31 - Пароль 123 верный для пользователя Roman
2017-11-29 23:58:43  [main] DEBUG AuthenticationDao:47 - Выполняется поиск перданного логина - Roman в базе
2017-11-29 23:58:43  [main] DEBUG AuthenticationDao:53 - Запрос выполнен успешно
2017-11-29 23:58:43  [main] DEBUG AuthenticationDao:71 - Выполняется поиск пароля пользователя- Roman в базе
2017-11-29 23:58:43  [main] DEBUG AuthenticationDao:77 - Запрос выполнен успешно.
2017-11-29 23:58:43  [main] DEBUG AuthenticationDao:94 - Выполняется поиск соли пользователя - Roman в базе
2017-11-29 23:58:43  [main] DEBUG AuthenticationDao:99 - Запрос выполнен успешно.
2017-11-29 23:58:43  [main] DEBUG AuthenticationService:31 - Пароль 123 верный для пользователя Roman
2017-11-29 23:59:20  [main] DEBUG AuthenticationDao:47 - Выполняется поиск перданного логина - Roman123 в базе
2017-11-29 23:59:20  [main] ERROR AuthenticationDao:56 - В бд отсутствуют записи, удовлетворяющие критерию поиска
2017-11-29 23:59:20  [main] ERROR AuthenticationService:24 - Логин Roman123 не найден
2017-11-29 23:59:27  [main] ERROR AuthenticationService:28 - Пароль 123 не верный для пользователя Roman
2017-11-29 23:59:27  [main] ERROR AuthenticationService:28 - Пароль 123 не верный для пользователя Roman
2017-11-30 00:03:19  [main] DEBUG AuthenticationDao:47 - Выполняется поиск перданного логина - Roman123 в базе
2017-11-30 00:03:19  [main] ERROR AuthenticationDao:56 - В бд отсутствуют записи, удовлетворяющие критерию поиска
2017-11-30 00:03:19  [main] ERROR AuthenticationService:24 - Логин Roman123 не найден
2017-11-30 00:03:30  [main] DEBUG AuthenticationDao:47 - Выполняется поиск перданного логина - Roman в базе
2017-11-30 00:03:30  [main] DEBUG AuthenticationDao:53 - Запрос выполнен успешно
2017-11-30 00:03:30  [main] DEBUG AuthenticationDao:71 - Выполняется поиск пароля пользователя- Roman в базе
2017-11-30 00:03:30  [main] DEBUG AuthenticationDao:77 - Запрос выполнен успешно.
2017-11-30 00:03:30  [main] DEBUG AuthenticationDao:94 - Выполняется поиск соли пользователя - Roman в базе
2017-11-30 00:03:30  [main] DEBUG AuthenticationDao:99 - Запрос выполнен успешно.
2017-11-30 00:03:30  [main] DEBUG AuthenticationService:31 - Пароль 123 верный для пользователя Roman
2017-11-30 00:03:30  [main] DEBUG AuthenticationDao:47 - Выполняется поиск перданного логина - Roman2 в базе
2017-11-30 00:03:30  [main] DEBUG AuthenticationDao:53 - Запрос выполнен успешно
2017-11-30 00:03:30  [main] DEBUG AuthenticationDao:71 - Выполняется поиск пароля пользователя- Roman2 в базе
2017-11-30 00:03:30  [main] DEBUG AuthenticationDao:77 - Запрос выполнен успешно.
2017-11-30 00:03:30  [main] DEBUG AuthenticationDao:94 - Выполняется поиск соли пользователя - Roman2 в базе
2017-11-30 00:03:30  [main] DEBUG AuthenticationDao:99 - Запрос выполнен успешно.
2017-11-30 00:03:30  [main] ERROR AuthenticationService:28 - Пароль 000 не верный для пользователя Roman2
2017-11-30 00:03:52  [main] DEBUG AuthenticationDao:47 - Выполняется поиск перданного логина - Roman в базе
2017-11-30 00:03:52  [main] DEBUG AuthenticationDao:53 - Запрос выполнен успешно
2017-11-30 00:03:52  [main] DEBUG AuthenticationDao:71 - Выполняется поиск пароля пользователя- Roman в базе
2017-11-30 00:03:52  [main] DEBUG AuthenticationDao:77 - Запрос выполнен успешно.
2017-11-30 00:03:52  [main] DEBUG AuthenticationDao:94 - Выполняется поиск соли пользователя - Roman в базе
2017-11-30 00:03:52  [main] DEBUG AuthenticationDao:99 - Запрос выполнен успешно.
2017-11-30 00:03:52  [main] DEBUG AuthenticationService:31 - Пароль 123 верный для пользователя Roman
2017-11-30 00:03:52  [main] DEBUG AuthenticationDao:47 - Выполняется поиск перданного логина - Roman в базе
2017-11-30 00:03:52  [main] DEBUG AuthenticationDao:53 - Запрос выполнен успешно
2017-11-30 00:03:52  [main] DEBUG AuthenticationDao:71 - Выполняется поиск пароля пользователя- Roman в базе
2017-11-30 00:03:52  [main] DEBUG AuthenticationDao:77 - Запрос выполнен успешно.
2017-11-30 00:03:52  [main] DEBUG AuthenticationDao:94 - Выполняется поиск соли пользователя - Roman в базе
2017-11-30 00:03:52  [main] DEBUG AuthenticationDao:99 - Запрос выполнен успешно.
2017-11-30 00:03:52  [main] DEBUG AuthenticationService:31 - Пароль 123 верный для пользователя Roman
2017-11-30 00:03:56  [main] DEBUG AuthenticationDao:47 - Выполняется поиск перданного логина - Roman в базе
2017-11-30 00:03:56  [main] DEBUG AuthenticationDao:53 - Запрос выполнен успешно
2017-11-30 00:03:56  [main] DEBUG AuthenticationDao:71 - Выполняется поиск пароля пользователя- Roman в базе
2017-11-30 00:03:56  [main] DEBUG AuthenticationDao:77 - Запрос выполнен успешно.
2017-11-30 00:03:56  [main] DEBUG AuthenticationDao:94 - Выполняется поиск соли пользователя - Roman в базе
2017-11-30 00:03:56  [main] DEBUG AuthenticationDao:99 - Запрос выполнен успешно.
2017-11-30 00:03:56  [main] DEBUG AuthenticationService:31 - Пароль 123 верный для пользователя Roman
2017-11-30 00:03:56  [main] DEBUG AuthenticationDao:47 - Выполняется поиск перданного логина - Roman в базе
2017-11-30 00:03:56  [main] DEBUG AuthenticationDao:53 - Запрос выполнен успешно
2017-11-30 00:03:56  [main] DEBUG AuthenticationDao:71 - Выполняется поиск пароля пользователя- Roman в базе
2017-11-30 00:03:56  [main] DEBUG AuthenticationDao:77 - Запрос выполнен успешно.
2017-11-30 00:03:56  [main] DEBUG AuthenticationDao:94 - Выполняется поиск соли пользователя - Roman в базе
2017-11-30 00:03:56  [main] DEBUG AuthenticationDao:99 - Запрос выполнен успешно.
2017-11-30 00:03:56  [main] DEBUG AuthenticationService:31 - Пароль 123 верный для пользователя Roman
2017-11-30 00:08:46  [main] DEBUG AuthenticationDao:47 - Выполняется поиск перданного логина - Roman в базе
2017-11-30 00:08:46  [main] DEBUG AuthenticationDao:53 - Запрос выполнен успешно
2017-11-30 00:08:46  [main] DEBUG AuthenticationDao:71 - Выполняется поиск пароля пользователя- Roman в базе
2017-11-30 00:08:46  [main] DEBUG AuthenticationDao:77 - Запрос выполнен успешно.
2017-11-30 00:08:46  [main] DEBUG AuthenticationDao:94 - Выполняется поиск соли пользователя - Roman в базе
2017-11-30 00:08:46  [main] DEBUG AuthenticationDao:99 - Запрос выполнен успешно.
2017-11-30 00:08:46  [main] DEBUG AuthenticationService:31 - Пароль 123 верный для пользователя Roman
2017-11-30 00:09:38  [main] DEBUG AuthenticationDao:47 - Выполняется поиск перданного логина - Roman в базе
2017-11-30 00:09:38  [main] DEBUG AuthenticationDao:53 - Запрос выполнен успешно
2017-11-30 00:09:38  [main] DEBUG AuthenticationDao:71 - Выполняется поиск пароля пользователя- Roman в базе
2017-11-30 00:09:38  [main] DEBUG AuthenticationDao:77 - Запрос выполнен успешно.
2017-11-30 00:09:38  [main] DEBUG AuthenticationDao:94 - Выполняется поиск соли пользователя - Roman в базе
2017-11-30 00:09:38  [main] DEBUG AuthenticationDao:99 - Запрос выполнен успешно.
2017-11-30 00:09:38  [main] DEBUG AuthenticationService:31 - Пароль 123 верный для пользователя Roman
2017-11-30 00:21:40  [main] DEBUG AuthenticationDao:47 - Выполняется поиск перданного логина - null в базе
2017-11-30 00:21:40  [main] ERROR AuthenticationDao:56 - В бд отсутствуют записи, удовлетворяющие критерию поиска
2017-11-30 00:22:15  [main] DEBUG AuthenticationDao:47 - Выполняется поиск перданного логина - Roman в базе
2017-11-30 00:22:15  [main] DEBUG AuthenticationDao:53 - Запрос выполнен успешно
2017-11-30 00:22:15  [main] DEBUG AuthenticationDao:71 - Выполняется поиск пароля пользователя- Roman в базе
2017-11-30 00:22:15  [main] DEBUG AuthenticationDao:77 - Запрос выполнен успешно.
2017-11-30 00:22:15  [main] DEBUG AuthenticationDao:94 - Выполняется поиск соли пользователя - Roman в базе
2017-11-30 00:22:15  [main] DEBUG AuthenticationDao:99 - Запрос выполнен успешно.
2017-11-30 00:22:16  [main] DEBUG AuthenticationService:31 - Пароль 123 верный для пользователя Roman
2017-11-30 11:39:54  [main] DEBUG AuthenticationDao:47 - Выполняется поиск перданного логина - Roman в базе
2017-11-30 11:39:54  [main] DEBUG AuthenticationDao:53 - Запрос выполнен успешно
2017-11-30 11:39:54  [main] DEBUG AuthenticationDao:71 - Выполняется поиск пароля пользователя- Roman в базе
2017-11-30 11:39:54  [main] DEBUG AuthenticationDao:77 - Запрос выполнен успешно.
2017-11-30 11:39:54  [main] DEBUG AuthenticationDao:94 - Выполняется поиск соли пользователя - Roman в базе
2017-11-30 11:39:54  [main] DEBUG AuthenticationDao:99 - Запрос выполнен успешно.
2017-11-30 11:39:54  [main] DEBUG AuthenticationService:31 - Пароль 123 верный для пользователя Roman
2017-11-30 11:39:54  [main] DEBUG AuthenticationDao:47 - Выполняется поиск перданного логина - Roman123 в базе
2017-11-30 11:39:54  [main] ERROR AuthenticationDao:56 - В бд отсутствуют записи, удовлетворяющие критерию поиска
2017-11-30 11:39:54  [main] ERROR AuthenticationService:24 - Логин Roman123 не найден
2017-11-30 11:42:59  [main] DEBUG AuthenticationDao:47 - Выполняется поиск перданного логина - Roman в базе
2017-11-30 11:42:59  [main] DEBUG AuthenticationDao:53 - Запрос выполнен успешно
2017-11-30 11:42:59  [main] DEBUG AuthenticationDao:71 - Выполняется поиск пароля пользователя- Roman в базе
2017-11-30 11:42:59  [main] DEBUG AuthenticationDao:77 - Запрос выполнен успешно.
2017-11-30 11:42:59  [main] DEBUG AuthenticationDao:94 - Выполняется поиск соли пользователя - Roman в базе
2017-11-30 11:42:59  [main] DEBUG AuthenticationDao:99 - Запрос выполнен успешно.
2017-11-30 11:42:59  [main] DEBUG AuthenticationService:31 - Пароль 123 верный для пользователя Roman
2017-11-30 11:42:59  [main] DEBUG AuthenticationDao:47 - Выполняется поиск перданного логина - Roman123 в базе
2017-11-30 11:42:59  [main] ERROR AuthenticationDao:56 - В бд отсутствуют записи, удовлетворяющие критерию поиска
2017-11-30 11:42:59  [main] ERROR AuthenticationService:24 - Логин Roman123 не найден
2017-11-30 11:43:38  [main] DEBUG AuthenticationDao:47 - Выполняется поиск перданного логина - Roman в базе
2017-11-30 11:43:38  [main] DEBUG AuthenticationDao:53 - Запрос выполнен успешно
2017-11-30 11:43:38  [main] DEBUG AuthenticationDao:71 - Выполняется поиск пароля пользователя- Roman в базе
2017-11-30 11:43:38  [main] DEBUG AuthenticationDao:77 - Запрос выполнен успешно.
2017-11-30 11:43:38  [main] DEBUG AuthenticationDao:94 - Выполняется поиск соли пользователя - Roman в базе
2017-11-30 11:43:38  [main] DEBUG AuthenticationDao:99 - Запрос выполнен успешно.
2017-11-30 11:43:38  [main] DEBUG AuthenticationService:31 - Пароль 123 верный для пользователя Roman
2017-11-30 11:43:38  [main] DEBUG AuthenticationDao:47 - Выполняется поиск перданного логина - Roman123 в базе
2017-11-30 11:43:38  [main] ERROR AuthenticationDao:56 - В бд отсутствуют записи, удовлетворяющие критерию поиска
2017-11-30 11:43:38  [main] ERROR AuthenticationService:24 - Логин Roman123 не найден
2017-11-30 11:44:50  [main] DEBUG AuthenticationDao:47 - Выполняется поиск перданного логина - Roman в базе
2017-11-30 11:44:50  [main] DEBUG AuthenticationDao:53 - Запрос выполнен успешно
2017-11-30 11:44:50  [main] DEBUG AuthenticationDao:71 - Выполняется поиск пароля пользователя- Roman в базе
2017-11-30 11:44:50  [main] DEBUG AuthenticationDao:77 - Запрос выполнен успешно.
2017-11-30 11:44:50  [main] DEBUG AuthenticationDao:94 - Выполняется поиск соли пользователя - Roman в базе
2017-11-30 11:44:50  [main] DEBUG AuthenticationDao:99 - Запрос выполнен успешно.
2017-11-30 11:44:50  [main] DEBUG AuthenticationService:31 - Пароль 123 верный для пользователя Roman
2017-11-30 11:44:50  [main] DEBUG AuthenticationDao:47 - Выполняется поиск перданного логина - Roman123 в базе
2017-11-30 11:44:50  [main] ERROR AuthenticationDao:56 - В бд отсутствуют записи, удовлетворяющие критерию поиска
2017-11-30 11:44:50  [main] ERROR AuthenticationService:24 - Логин Roman123 не найден
2017-11-30 11:56:35  [main] DEBUG AuthenticationDao:47 - Выполняется поиск перданного логина - Roman в базе
2017-11-30 11:56:35  [main] DEBUG AuthenticationDao:53 - Запрос выполнен успешно
2017-11-30 11:56:35  [main] DEBUG AuthenticationDao:71 - Выполняется поиск пароля пользователя- Roman в базе
2017-11-30 11:56:35  [main] DEBUG AuthenticationDao:77 - Запрос выполнен успешно.
2017-11-30 11:56:35  [main] DEBUG AuthenticationDao:94 - Выполняется поиск соли пользователя - Roman в базе
2017-11-30 11:56:35  [main] DEBUG AuthenticationDao:99 - Запрос выполнен успешно.
2017-11-30 11:56:35  [main] DEBUG AuthenticationService:31 - Пароль 123 верный для пользователя Roman
2017-11-30 11:56:35  [main] DEBUG AuthenticationDao:47 - Выполняется поиск перданного логина - Roman123 в базе
2017-11-30 11:56:35  [main] ERROR AuthenticationDao:56 - В бд отсутствуют записи, удовлетворяющие критерию поиска
2017-11-30 11:56:35  [main] ERROR AuthenticationService:24 - Логин Roman123 не найден
2017-11-30 11:57:24  [main] DEBUG AuthenticationDao:47 - Выполняется поиск перданного логина - Roman в базе
2017-11-30 11:57:24  [main] DEBUG AuthenticationDao:53 - Запрос выполнен успешно
2017-11-30 11:57:24  [main] DEBUG AuthenticationDao:71 - Выполняется поиск пароля пользователя- Roman в базе
2017-11-30 11:57:24  [main] DEBUG AuthenticationDao:77 - Запрос выполнен успешно.
2017-11-30 11:57:24  [main] DEBUG AuthenticationDao:94 - Выполняется поиск соли пользователя - Roman в базе
2017-11-30 11:57:24  [main] DEBUG AuthenticationDao:99 - Запрос выполнен успешно.
2017-11-30 11:57:24  [main] DEBUG AuthenticationService:31 - Пароль 123 верный для пользователя Roman
2017-11-30 11:57:24  [main] DEBUG AuthenticationDao:47 - Выполняется поиск перданного логина - Roman123 в базе
2017-11-30 11:57:24  [main] ERROR AuthenticationDao:56 - В бд отсутствуют записи, удовлетворяющие критерию поиска
2017-11-30 11:57:24  [main] ERROR AuthenticationService:24 - Логин Roman123 не найден
2017-11-30 12:11:47  [main] DEBUG AuthenticationDao:47 - Выполняется поиск перданного логина - Roman в базе
2017-11-30 12:11:47  [main] DEBUG AuthenticationDao:53 - Запрос выполнен успешно
2017-11-30 12:11:47  [main] DEBUG AuthenticationDao:71 - Выполняется поиск пароля пользователя- Roman в базе
2017-11-30 12:11:47  [main] DEBUG AuthenticationDao:77 - Запрос выполнен успешно.
2017-11-30 12:11:47  [main] DEBUG AuthenticationDao:94 - Выполняется поиск соли пользователя - Roman в базе
2017-11-30 12:11:47  [main] DEBUG AuthenticationDao:99 - Запрос выполнен успешно.
2017-11-30 12:11:47  [main] DEBUG AuthenticationService:31 - Пароль 123 верный для пользователя Roman
2017-11-30 12:11:47  [main] DEBUG AuthenticationDao:47 - Выполняется поиск перданного логина - Roman123 в базе
2017-11-30 12:11:47  [main] ERROR AuthenticationDao:56 - В бд отсутствуют записи, удовлетворяющие критерию поиска
2017-11-30 12:11:47  [main] ERROR AuthenticationService:24 - Логин Roman123 не найден
2017-11-30 12:13:19  [main] DEBUG AuthenticationDao:47 - Выполняется поиск перданного логина - Roman в базе
2017-11-30 12:13:19  [main] DEBUG AuthenticationDao:53 - Запрос выполнен успешно
2017-11-30 12:13:19  [main] DEBUG AuthenticationDao:71 - Выполняется поиск пароля пользователя- Roman в базе
2017-11-30 12:13:19  [main] DEBUG AuthenticationDao:77 - Запрос выполнен успешно.
2017-11-30 12:13:19  [main] DEBUG AuthenticationDao:94 - Выполняется поиск соли пользователя - Roman в базе
2017-11-30 12:13:19  [main] DEBUG AuthenticationDao:99 - Запрос выполнен успешно.
2017-11-30 12:13:19  [main] DEBUG AuthenticationService:31 - Пароль 123 верный для пользователя Roman
2017-11-30 12:13:19  [main] DEBUG AuthenticationDao:47 - Выполняется поиск перданного логина - Roman123 в базе
2017-11-30 12:13:19  [main] ERROR AuthenticationDao:56 - В бд отсутствуют записи, удовлетворяющие критерию поиска
2017-11-30 12:13:19  [main] ERROR AuthenticationService:24 - Логин Roman123 не найден
2017-11-30 12:14:47  [main] DEBUG AuthenticationDao:47 - Выполняется поиск перданного логина - Roman в базе
2017-11-30 12:14:47  [main] DEBUG AuthenticationDao:53 - Запрос выполнен успешно
2017-11-30 12:14:47  [main] DEBUG AuthenticationDao:71 - Выполняется поиск пароля пользователя- Roman в базе
2017-11-30 12:14:47  [main] DEBUG AuthenticationDao:77 - Запрос выполнен успешно.
2017-11-30 12:14:47  [main] DEBUG AuthenticationDao:94 - Выполняется поиск соли пользователя - Roman в базе
2017-11-30 12:14:47  [main] DEBUG AuthenticationDao:99 - Запрос выполнен успешно.
2017-11-30 12:14:47  [main] DEBUG AuthenticationService:31 - Пароль 123 верный для пользователя Roman
2017-11-30 12:14:47  [main] DEBUG AuthenticationDao:47 - Выполняется поиск перданного логина - Roman123 в базе
2017-11-30 12:14:47  [main] ERROR AuthenticationDao:56 - В бд отсутствуют записи, удовлетворяющие критерию поиска
2017-11-30 12:14:47  [main] ERROR AuthenticationService:24 - Логин Roman123 не найден
2017-11-30 12:15:34  [main] DEBUG AuthenticationDao:47 - Выполняется поиск перданного логина - Roman в базе
2017-11-30 12:15:34  [main] DEBUG AuthenticationDao:53 - Запрос выполнен успешно
2017-11-30 12:15:34  [main] DEBUG AuthenticationDao:71 - Выполняется поиск пароля пользователя- Roman в базе
2017-11-30 12:15:34  [main] DEBUG AuthenticationDao:77 - Запрос выполнен успешно.
2017-11-30 12:15:34  [main] DEBUG AuthenticationDao:94 - Выполняется поиск соли пользователя - Roman в базе
2017-11-30 12:15:34  [main] DEBUG AuthenticationDao:99 - Запрос выполнен успешно.
2017-11-30 12:15:34  [main] DEBUG AuthenticationService:31 - Пароль 123 верный для пользователя Roman
2017-11-30 12:15:34  [main] DEBUG AuthenticationDao:47 - Выполняется поиск перданного логина - Roman123 в базе
2017-11-30 12:15:34  [main] ERROR AuthenticationDao:56 - В бд отсутствуют записи, удовлетворяющие критерию поиска
2017-11-30 12:15:34  [main] ERROR AuthenticationService:24 - Логин Roman123 не найден
2017-11-30 12:16:34  [main] DEBUG AuthenticationDao:47 - Выполняется поиск перданного логина - Roman в базе
2017-11-30 12:16:34  [main] DEBUG AuthenticationDao:53 - Запрос выполнен успешно
2017-11-30 12:16:34  [main] DEBUG AuthenticationDao:71 - Выполняется поиск пароля пользователя- Roman в базе
2017-11-30 12:16:34  [main] DEBUG AuthenticationDao:77 - Запрос выполнен успешно.
2017-11-30 12:16:34  [main] DEBUG AuthenticationDao:94 - Выполняется поиск соли пользователя - Roman в базе
2017-11-30 12:16:34  [main] DEBUG AuthenticationDao:99 - Запрос выполнен успешно.
2017-11-30 12:16:34  [main] DEBUG AuthenticationService:31 - Пароль 123 верный для пользователя Roman
2017-11-30 12:16:34  [main] DEBUG AuthenticationDao:47 - Выполняется поиск перданного логина - Roman123 в базе
2017-11-30 12:16:34  [main] ERROR AuthenticationDao:56 - В бд отсутствуют записи, удовлетворяющие критерию поиска
2017-11-30 12:16:34  [main] ERROR AuthenticationService:24 - Логин Roman123 не найден
2017-12-01 10:33:25  [main] ERROR AuthenticationService:28 - Пароль 123 не верный для пользователя Roman
2017-12-01 10:36:19  [main] ERROR AuthenticationService:28 - Пароль 123 не верный для пользователя Roman
2017-12-01 10:55:23  [main] ERROR AuthenticationService:28 - Пароль 123 не верный для пользователя Roman
2017-12-01 10:55:51  [main] ERROR AuthenticationService:28 - Пароль 123 не верный для пользователя Roman
2017-12-01 10:56:21  [main] ERROR AuthenticationService:28 - Пароль 123 не верный для пользователя Roman
2017-12-01 10:57:53  [main] ERROR AuthenticationService:28 - Пароль 6b1535f97c2a20f93c899060586b6287 не верный для пользователя Roman
2017-12-01 11:08:15  [main] DEBUG Main:20 - Приложение App-A запущено
2017-12-01 11:08:15  [main] DEBUG Main:28 - ---Установка соеденения---
2017-12-01 11:08:16  [main] DEBUG Main:30 - Выполнение миграций
2017-12-01 11:08:16  [main] DEBUG Main:32 - Соеденение прошло успешно
2017-12-01 11:08:16  [main] DEBUG Main:48 - Передано 2 параметра UserData{login='Roman', password='123', role='null', resource='null', dataStart='null', dataEnd='null', volume='null'} , выполняется аутентификация
2017-12-01 11:08:16  [main] DEBUG AuthenticationDao:47 - Выполняется поиск перданного логина - Roman в базе
2017-12-01 11:08:16  [main] DEBUG AuthenticationDao:53 - Запрос выполнен успешно
2017-12-01 11:08:16  [main] DEBUG AuthenticationDao:71 - Выполняется поиск пароля пользователя- Roman в базе
2017-12-01 11:08:16  [main] DEBUG AuthenticationDao:77 - Запрос выполнен успешно.
2017-12-01 11:08:16  [main] DEBUG AuthenticationDao:94 - Выполняется поиск соли пользователя - Roman в базе
2017-12-01 11:08:16  [main] DEBUG AuthenticationDao:99 - Запрос выполнен успешно.
2017-12-01 11:08:16  [main] DEBUG AuthenticationService:31 - Пароль 123 верный для пользователя Roman
2017-12-01 11:31:14  [main] ERROR AuthenticationService:28 - Пароль 123 не верный для пользователя Roman
2017-12-01 11:31:46  [main] ERROR AuthenticationService:28 - Пароль 6b1535f97c2a20f93c899060586b6287 не верный для пользователя Roman
2017-12-01 11:58:10  [main] ERROR AuthenticationService:28 - Пароль 123 не верный для пользователя Roman
2017-12-01 11:58:32  [main] ERROR AuthenticationService:24 - Логин Roman не найден
2017-12-01 12:00:34  [main] ERROR AuthenticationService:28 - Пароль 123 не верный для пользователя Roman
2017-12-01 12:06:07  [main] ERROR AuthenticationService:28 - Пароль 123 не верный для пользователя Roman
2017-12-01 12:10:31  [main] ERROR AuthenticationService:28 - Пароль 123 не верный для пользователя Roman
2017-12-01 12:11:00  [main] ERROR AuthenticationService:24 - Логин Roman123 не найден
2017-12-01 12:18:08  [main] ERROR AuthenticationService:24 - Логин Roman123 не найден
2017-12-01 12:18:16  [main] ERROR AuthenticationService:28 - Пароль 123 не верный для пользователя Roman
2017-12-01 12:18:50  [main] ERROR AuthenticationService:28 - Пароль 123 не верный для пользователя Roman
2017-12-01 13:38:34  [main] ERROR AuthenticationService:28 - Пароль 123 не верный для пользователя Roman
2017-12-01 20:48:43  [main] ERROR AuthenticationService:28 - Пароль 123 не верный для пользователя Roman
2017-12-01 20:48:56  [main] ERROR AuthenticationService:28 - Пароль 123 не верный для пользователя Roman
2017-12-01 20:49:16  [main] ERROR AuthenticationService:28 - Пароль 123 не верный для пользователя Roman
2017-12-01 20:54:22  [main] ERROR AuthenticationService:28 - Пароль 123 не верный для пользователя Roman
2017-12-01 20:55:19  [main] ERROR AuthenticationService:28 - Пароль 123 не верный для пользователя Roman
2017-12-01 20:55:27  [main] ERROR AuthenticationService:28 - Пароль 123 не верный для пользователя Roman
2017-12-01 20:55:27  [main] ERROR AuthenticationService:24 - Логин Roman123 не найден
2017-12-01 21:02:37  [main] ERROR AuthenticationService:28 - Пароль 123 не верный для пользователя Roman
2017-12-01 21:03:14  [main] ERROR AuthenticationService:28 - Пароль 123 не верный для пользователя Roman
2017-12-01 21:03:14  [main] ERROR AuthenticationService:24 - Логин Roman123 не найден
2017-12-01 21:03:58  [main] ERROR AuthenticationService:28 - Пароль 123 не верный для пользователя Roman
2017-12-01 21:03:58  [main] ERROR AuthenticationService:24 - Логин Roman123 не найден
2017-12-01 21:04:11  [main] ERROR AuthenticationService:28 - Пароль 6b1535f97c2a20f93c899060586b6287 не верный для пользователя Roman
2017-12-01 21:04:11  [main] ERROR AuthenticationService:24 - Логин Roman123 не найден
2017-12-01 21:04:33  [main] ERROR AuthenticationService:28 - Пароль 6b1535f97c2a20f93c899060586b6287 не верный для пользователя Roman
2017-12-01 21:04:33  [main] ERROR AuthenticationService:24 - Логин Roman123 не найден
2017-12-01 21:04:50  [main] ERROR AuthenticationService:28 - Пароль 123 не верный для пользователя Roman
2017-12-01 21:04:50  [main] ERROR AuthenticationService:24 - Логин Roman123 не найден
2017-12-01 21:05:12  [main] ERROR AuthenticationService:28 - Пароль 123 не верный для пользователя Roman
2017-12-01 21:05:38  [main] ERROR AuthenticationService:28 - Пароль 123 не верный для пользователя Roman
2017-12-01 21:10:31  [main] DEBUG AuthenticationService:31 - Пароль 123 верный для пользователя Roman
2017-12-01 21:14:33  [main] DEBUG AuthenticationService:31 - Пароль 123 верный для пользователя Roman
2017-12-01 21:22:37  [main] ERROR AuthenticationService:24 - Логин Roman123 не найден
2017-12-01 21:22:54  [main] ERROR AuthenticationService:28 - Пароль 1231 не верный для пользователя Roman
2017-12-01 21:59:35  [main] ERROR AuthenticationService:28 - Пароль 123 не верный для пользователя Roman
2017-12-01 22:00:37  [main] DEBUG AuthenticationService:31 - Пароль 123 верный для пользователя Roman
2017-12-01 22:01:22  [main] ERROR AuthenticationService:28 - Пароль 1231 не верный для пользователя Roman
2017-12-01 22:01:31  [main] ERROR AuthenticationService:24 - Логин Roman123 не найден
2017-12-01 22:06:30  [main] DEBUG AuthenticationService:31 - Пароль 123 верный для пользователя Roman
2017-12-01 22:06:30  [main] ERROR AuthenticationService:28 - Пароль 1231 не верный для пользователя Roman
2017-12-01 22:06:30  [main] ERROR AuthenticationService:24 - Логин Roman123 не найден
2017-12-01 22:19:01  [main] ERROR AuthorizationService:22 - Роль a.b не существует
2017-12-01 22:19:56  [main] ERROR AuthorizationService:30 - Пользователь Roman имеет доступ к ресурсу a.b
2017-12-01 22:23:12  [main] ERROR AuthorizationService:22 - Роль INVALIDROLE не существует
2017-12-01 22:56:02  [main] ERROR AuthorizationService:22 - Роль xxx не существует
2017-12-01 22:56:02  [main] ERROR AuthorizationService:30 - Пользователь Roman имеет доступ к ресурсу a.b
2017-12-01 22:56:02  [main] ERROR AuthorizationService:27 - Пользователь Roman не имеет доступ к ресурсу a.b
2017-12-01 22:56:02  [main] ERROR AuthorizationService:27 - Пользователь Roman не имеет доступ к ресурсу xxx
2017-12-01 22:58:02  [main] ERROR AuthorizationService:22 - Роль xxx не существует
2017-12-01 22:58:02  [main] ERROR AuthorizationService:30 - Пользователь Roman имеет доступ к ресурсу a.b
2017-12-01 22:58:02  [main] ERROR AuthorizationService:27 - Пользователь Roman не имеет доступ к ресурсу a.b
2017-12-01 22:58:02  [main] ERROR AuthorizationService:27 - Пользователь Roman не имеет доступ к ресурсу xxx
2017-12-01 22:58:46  [main] ERROR AuthorizationService:22 - Роль xxx не существует
2017-12-01 22:58:46  [main] ERROR AuthorizationService:30 - Пользователь Roman имеет доступ к ресурсу a.b
2017-12-01 22:58:46  [main] ERROR AuthorizationService:27 - Пользователь Roman не имеет доступ к ресурсу a.b
2017-12-01 22:58:46  [main] ERROR AuthorizationService:27 - Пользователь Roman1 не имеет доступ к ресурсу xxx
2017-12-01 22:59:04  [main] ERROR AuthorizationService:22 - Роль xxx не существует
2017-12-01 22:59:04  [main] ERROR AuthorizationService:30 - Пользователь Roman имеет доступ к ресурсу a.b
2017-12-01 22:59:04  [main] ERROR AuthorizationService:27 - Пользователь Roman1 не имеет доступ к ресурсу a.b
2017-12-01 22:59:04  [main] ERROR AuthorizationService:27 - Пользователь Roman не имеет доступ к ресурсу xxx
2017-12-01 23:21:49  [main] DEBUG AccountingService:28 - Данные валидны и успешно добавлены в БД
2017-12-01 23:22:16  [main] ERROR AccountingService:48 - Дата не может быть проверена
java.time.format.DateTimeParseException: Text '2017-10-X' could not be parsed at index 8
	at java.time.format.DateTimeFormatter.parseResolved0(DateTimeFormatter.java:1949) ~[?:1.8.0_144]
	at java.time.format.DateTimeFormatter.parse(DateTimeFormatter.java:1851) ~[?:1.8.0_144]
	at java.time.LocalDate.parse(LocalDate.java:400) ~[?:1.8.0_144]
	at java.time.LocalDate.parse(LocalDate.java:385) ~[?:1.8.0_144]
	at service.AccountingService.isCheckDate(AccountingService.java:45) [classes/:?]
	at service.AccountingService.accounting(AccountingService.java:22) [classes/:?]
	at accounting(AccountingServiceTest.java:38) [test-classes/:?]
	at service.AccountingServiceTest.accounting1(AccountingServiceTest.java:28) [test-classes/:?]
	at sun.reflect.NativeMethodAccessorImpl.invoke0(Native Method) ~[?:1.8.0_144]
	at sun.reflect.NativeMethodAccessorImpl.invoke(NativeMethodAccessorImpl.java:62) ~[?:1.8.0_144]
	at sun.reflect.DelegatingMethodAccessorImpl.invoke(DelegatingMethodAccessorImpl.java:43) ~[?:1.8.0_144]
	at java.lang.reflect.Method.invoke(Method.java:498) ~[?:1.8.0_144]
	at org.junit.runners.model.FrameworkMethod$1.runReflectiveCall(FrameworkMethod.java:50) [junit-4.12.jar:4.12]
	at org.junit.internal.runners.model.ReflectiveCallable.run(ReflectiveCallable.java:12) [junit-4.12.jar:4.12]
	at org.junit.runners.model.FrameworkMethod.invokeExplosively(FrameworkMethod.java:47) [junit-4.12.jar:4.12]
	at org.junit.internal.runners.statements.InvokeMethod.evaluate(InvokeMethod.java:17) [junit-4.12.jar:4.12]
	at org.junit.internal.runners.statements.RunBefores.evaluate(RunBefores.java:26) [junit-4.12.jar:4.12]
	at org.junit.runners.ParentRunner.runLeaf(ParentRunner.java:325) [junit-4.12.jar:4.12]
	at org.junit.runners.BlockJUnit4ClassRunner.runChild(BlockJUnit4ClassRunner.java:78) [junit-4.12.jar:4.12]
	at org.junit.runners.BlockJUnit4ClassRunner.runChild(BlockJUnit4ClassRunner.java:57) [junit-4.12.jar:4.12]
	at org.junit.runners.ParentRunner$3.run(ParentRunner.java:290) [junit-4.12.jar:4.12]
	at org.junit.runners.ParentRunner$1.schedule(ParentRunner.java:71) [junit-4.12.jar:4.12]
	at org.junit.runners.ParentRunner.runChildren(ParentRunner.java:288) [junit-4.12.jar:4.12]
	at org.junit.runners.ParentRunner.access$000(ParentRunner.java:58) [junit-4.12.jar:4.12]
	at org.junit.runners.ParentRunner$2.evaluate(ParentRunner.java:268) [junit-4.12.jar:4.12]
	at org.junit.runners.ParentRunner.run(ParentRunner.java:363) [junit-4.12.jar:4.12]
	at org.junit.runner.JUnitCore.run(JUnitCore.java:137) [junit-4.12.jar:4.12]
	at com.intellij.junit4.JUnit4IdeaTestRunner.startRunnerWithArgs(JUnit4IdeaTestRunner.java:68) [junit-rt.jar:?]
	at com.intellij.rt.execution.junit.IdeaTestRunner$Repeater.startRunnerWithArgs(IdeaTestRunner.java:47) [junit-rt.jar:?]
	at com.intellij.rt.execution.junit.JUnitStarter.prepareStreamsAndStart(JUnitStarter.java:242) [junit-rt.jar:?]
	at com.intellij.rt.execution.junit.JUnitStarter.main(JUnitStarter.java:70) [junit-rt.jar:?]
2017-12-01 23:22:16  [main] ERROR AccountingService:24 - Невалидно 100 , 2017-10-X или 2017-10-10
2017-12-01 23:23:24  [main] ERROR AccountingService:24 - Невалидно X , 2017-10-10 или 2017-10-10
2017-12-01 23:24:07  [main] ERROR AccountingService:24 - Невалидно X , 2017-10-10 или 2017-10-10
2017-12-01 23:24:32  [main] ERROR AccountingService:24 - Невалидно X , 2017-10-10 или 2017-10-10
2017-12-01 23:27:08  [main] DEBUG AccountingService:28 - Данные валидны и успешно добавлены в БД
2017-12-01 23:27:42  [main] DEBUG AccountingService:28 - Данные валидны и успешно добавлены в БД
2017-12-01 23:27:42  [main] ERROR AccountingService:48 - Дата не может быть проверена
java.time.format.DateTimeParseException: Text '2017-10-X' could not be parsed at index 8
	at java.time.format.DateTimeFormatter.parseResolved0(DateTimeFormatter.java:1949) ~[?:1.8.0_144]
	at java.time.format.DateTimeFormatter.parse(DateTimeFormatter.java:1851) ~[?:1.8.0_144]
	at java.time.LocalDate.parse(LocalDate.java:400) ~[?:1.8.0_144]
	at java.time.LocalDate.parse(LocalDate.java:385) ~[?:1.8.0_144]
	at service.AccountingService.isCheckDate(AccountingService.java:45) [classes/:?]
	at service.AccountingService.accounting(AccountingService.java:22) [classes/:?]
	at accounting(AccountingServiceTest.java:39) [test-classes/:?]
	at service.AccountingServiceTest.accounting1(AccountingServiceTest.java:28) [test-classes/:?]
	at sun.reflect.NativeMethodAccessorImpl.invoke0(Native Method) ~[?:1.8.0_144]
	at sun.reflect.NativeMethodAccessorImpl.invoke(NativeMethodAccessorImpl.java:62) ~[?:1.8.0_144]
	at sun.reflect.DelegatingMethodAccessorImpl.invoke(DelegatingMethodAccessorImpl.java:43) ~[?:1.8.0_144]
	at java.lang.reflect.Method.invoke(Method.java:498) ~[?:1.8.0_144]
	at org.junit.runners.model.FrameworkMethod$1.runReflectiveCall(FrameworkMethod.java:50) [junit-4.12.jar:4.12]
	at org.junit.internal.runners.model.ReflectiveCallable.run(ReflectiveCallable.java:12) [junit-4.12.jar:4.12]
	at org.junit.runners.model.FrameworkMethod.invokeExplosively(FrameworkMethod.java:47) [junit-4.12.jar:4.12]
	at org.junit.internal.runners.statements.InvokeMethod.evaluate(InvokeMethod.java:17) [junit-4.12.jar:4.12]
	at org.junit.internal.runners.statements.RunBefores.evaluate(RunBefores.java:26) [junit-4.12.jar:4.12]
	at org.junit.runners.ParentRunner.runLeaf(ParentRunner.java:325) [junit-4.12.jar:4.12]
	at org.junit.runners.BlockJUnit4ClassRunner.runChild(BlockJUnit4ClassRunner.java:78) [junit-4.12.jar:4.12]
	at org.junit.runners.BlockJUnit4ClassRunner.runChild(BlockJUnit4ClassRunner.java:57) [junit-4.12.jar:4.12]
	at org.junit.runners.ParentRunner$3.run(ParentRunner.java:290) [junit-4.12.jar:4.12]
	at org.junit.runners.ParentRunner$1.schedule(ParentRunner.java:71) [junit-4.12.jar:4.12]
	at org.junit.runners.ParentRunner.runChildren(ParentRunner.java:288) [junit-4.12.jar:4.12]
	at org.junit.runners.ParentRunner.access$000(ParentRunner.java:58) [junit-4.12.jar:4.12]
	at org.junit.runners.ParentRunner$2.evaluate(ParentRunner.java:268) [junit-4.12.jar:4.12]
	at org.junit.runners.ParentRunner.run(ParentRunner.java:363) [junit-4.12.jar:4.12]
	at org.junit.runner.JUnitCore.run(JUnitCore.java:137) [junit-4.12.jar:4.12]
	at com.intellij.junit4.JUnit4IdeaTestRunner.startRunnerWithArgs(JUnit4IdeaTestRunner.java:68) [junit-rt.jar:?]
	at com.intellij.rt.execution.junit.IdeaTestRunner$Repeater.startRunnerWithArgs(IdeaTestRunner.java:47) [junit-rt.jar:?]
	at com.intellij.rt.execution.junit.JUnitStarter.prepareStreamsAndStart(JUnitStarter.java:242) [junit-rt.jar:?]
	at com.intellij.rt.execution.junit.JUnitStarter.main(JUnitStarter.java:70) [junit-rt.jar:?]
2017-12-01 23:27:42  [main] ERROR AccountingService:24 - Невалидно 100 , 2017-10-X или 2017-10-10
2017-12-01 23:27:42  [main] ERROR AccountingService:24 - Невалидно X , 2017-10-10 или 2017-10-10
2017-12-01 23:46:42  [main] ERROR AuthenticationService:24 - Логин  не найден
2017-12-01 23:49:09  [main] ERROR AccountingService:24 - Невалидно X , 2017-10-10 или 2017-10-10
2017-12-01 23:49:10  [main] DEBUG AccountingService:28 - Данные валидны и успешно добавлены в БД
2017-12-01 23:49:10  [main] ERROR AccountingService:48 - Дата не может быть проверена
java.time.format.DateTimeParseException: Text '2017-10-X' could not be parsed at index 8
	at java.time.format.DateTimeFormatter.parseResolved0(Unknown Source) ~[?:1.8.0_151]
	at java.time.format.DateTimeFormatter.parse(Unknown Source) ~[?:1.8.0_151]
	at java.time.LocalDate.parse(Unknown Source) ~[?:1.8.0_151]
	at java.time.LocalDate.parse(Unknown Source) ~[?:1.8.0_151]
	at service.AccountingService.isCheckDate(AccountingService.java:45) [classes/:?]
	at service.AccountingService.accounting(AccountingService.java:22) [classes/:?]
	at service.AccountingServiceTest.accounting(AccountingServiceTest.java:41) [test-classes/:?]
	at service.AccountingServiceTest.accountingInvalidDateTest(AccountingServiceTest.java:29) [test-classes/:?]
	at sun.reflect.NativeMethodAccessorImpl.invoke0(Native Method) ~[?:1.8.0_151]
	at sun.reflect.NativeMethodAccessorImpl.invoke(Unknown Source) ~[?:1.8.0_151]
	at sun.reflect.DelegatingMethodAccessorImpl.invoke(Unknown Source) ~[?:1.8.0_151]
	at java.lang.reflect.Method.invoke(Unknown Source) ~[?:1.8.0_151]
	at org.junit.runners.model.FrameworkMethod$1.runReflectiveCall(FrameworkMethod.java:50) [junit-4.12.jar:4.12]
	at org.junit.internal.runners.model.ReflectiveCallable.run(ReflectiveCallable.java:12) [junit-4.12.jar:4.12]
	at org.junit.runners.model.FrameworkMethod.invokeExplosively(FrameworkMethod.java:47) [junit-4.12.jar:4.12]
	at org.junit.internal.runners.statements.InvokeMethod.evaluate(InvokeMethod.java:17) [junit-4.12.jar:4.12]
	at org.junit.internal.runners.statements.RunBefores.evaluate(RunBefores.java:26) [junit-4.12.jar:4.12]
	at org.junit.runners.ParentRunner.runLeaf(ParentRunner.java:325) [junit-4.12.jar:4.12]
	at org.junit.runners.BlockJUnit4ClassRunner.runChild(BlockJUnit4ClassRunner.java:78) [junit-4.12.jar:4.12]
	at org.junit.runners.BlockJUnit4ClassRunner.runChild(BlockJUnit4ClassRunner.java:57) [junit-4.12.jar:4.12]
	at org.junit.runners.ParentRunner$3.run(ParentRunner.java:290) [junit-4.12.jar:4.12]
	at org.junit.runners.ParentRunner$1.schedule(ParentRunner.java:71) [junit-4.12.jar:4.12]
	at org.junit.runners.ParentRunner.runChildren(ParentRunner.java:288) [junit-4.12.jar:4.12]
	at org.junit.runners.ParentRunner.access$000(ParentRunner.java:58) [junit-4.12.jar:4.12]
	at org.junit.runners.ParentRunner$2.evaluate(ParentRunner.java:268) [junit-4.12.jar:4.12]
	at org.junit.runners.ParentRunner.run(ParentRunner.java:363) [junit-4.12.jar:4.12]
	at org.apache.maven.surefire.junit4.JUnit4Provider.execute(JUnit4Provider.java:252) [surefire-junit4-2.12.4.jar:2.12.4]
	at org.apache.maven.surefire.junit4.JUnit4Provider.executeTestSet(JUnit4Provider.java:141) [surefire-junit4-2.12.4.jar:2.12.4]
	at org.apache.maven.surefire.junit4.JUnit4Provider.invoke(JUnit4Provider.java:112) [surefire-junit4-2.12.4.jar:2.12.4]
	at sun.reflect.NativeMethodAccessorImpl.invoke0(Native Method) ~[?:1.8.0_151]
	at sun.reflect.NativeMethodAccessorImpl.invoke(Unknown Source) ~[?:1.8.0_151]
	at sun.reflect.DelegatingMethodAccessorImpl.invoke(Unknown Source) ~[?:1.8.0_151]
	at java.lang.reflect.Method.invoke(Unknown Source) ~[?:1.8.0_151]
	at org.apache.maven.surefire.util.ReflectionUtils.invokeMethodWithArray(ReflectionUtils.java:189) [surefire-api-2.12.4.jar:2.12.4]
	at org.apache.maven.surefire.booter.ProviderFactory$ProviderProxy.invoke(ProviderFactory.java:165) [surefire-booter-2.12.4.jar:2.12.4]
	at org.apache.maven.surefire.booter.ProviderFactory.invokeProvider(ProviderFactory.java:85) [surefire-booter-2.12.4.jar:2.12.4]
	at org.apache.maven.surefire.booter.ForkedBooter.runSuitesInProcess(ForkedBooter.java:115) [surefire-booter-2.12.4.jar:2.12.4]
	at org.apache.maven.surefire.booter.ForkedBooter.main(ForkedBooter.java:75) [surefire-booter-2.12.4.jar:2.12.4]
2017-12-01 23:49:10  [main] ERROR AccountingService:24 - Невалидно 100 , 2017-10-X или 2017-10-X
2017-12-01 23:49:10  [main] DEBUG AuthenticationService:31 - Пароль 123 верный для пользователя Roman
2017-12-01 23:49:10  [main] ERROR AuthenticationService:28 - Пароль 1231 не верный для пользователя Roman
2017-12-01 23:49:10  [main] ERROR AuthenticationService:24 - Логин Roman123 не найден
2017-12-01 23:49:10  [main] ERROR AuthorizationService:22 - Роль xxx не существует
2017-12-01 23:49:10  [main] ERROR AuthorizationService:30 - Пользователь Roman имеет доступ к ресурсу a.b
2017-12-01 23:49:10  [main] ERROR AuthorizationService:27 - Пользователь Roman1 не имеет доступ к ресурсу a.b
2017-12-01 23:49:10  [main] ERROR AuthorizationService:27 - Пользователь Roman не имеет доступ к ресурсу xxx
2017-12-01 23:52:26  [main] ERROR AccountingService:24 - Невалидно X , 2017-10-10 или 2017-10-10
2017-12-01 23:52:26  [main] DEBUG AccountingService:28 - Данные валидны и успешно добавлены в БД
2017-12-01 23:52:26  [main] ERROR AccountingService:48 - Дата не может быть проверена
java.time.format.DateTimeParseException: Text '2017-10-X' could not be parsed at index 8
	at java.time.format.DateTimeFormatter.parseResolved0(Unknown Source) ~[?:1.8.0_151]
	at java.time.format.DateTimeFormatter.parse(Unknown Source) ~[?:1.8.0_151]
	at java.time.LocalDate.parse(Unknown Source) ~[?:1.8.0_151]
	at java.time.LocalDate.parse(Unknown Source) ~[?:1.8.0_151]
	at service.AccountingService.isCheckDate(AccountingService.java:45) [classes/:?]
	at service.AccountingService.accounting(AccountingService.java:22) [classes/:?]
	at service.AccountingServiceTest.accounting(AccountingServiceTest.java:41) [test-classes/:?]
	at service.AccountingServiceTest.accountingInvalidDateTest(AccountingServiceTest.java:29) [test-classes/:?]
	at sun.reflect.NativeMethodAccessorImpl.invoke0(Native Method) ~[?:1.8.0_151]
	at sun.reflect.NativeMethodAccessorImpl.invoke(Unknown Source) ~[?:1.8.0_151]
	at sun.reflect.DelegatingMethodAccessorImpl.invoke(Unknown Source) ~[?:1.8.0_151]
	at java.lang.reflect.Method.invoke(Unknown Source) ~[?:1.8.0_151]
	at org.junit.runners.model.FrameworkMethod$1.runReflectiveCall(FrameworkMethod.java:50) [junit-4.12.jar:4.12]
	at org.junit.internal.runners.model.ReflectiveCallable.run(ReflectiveCallable.java:12) [junit-4.12.jar:4.12]
	at org.junit.runners.model.FrameworkMethod.invokeExplosively(FrameworkMethod.java:47) [junit-4.12.jar:4.12]
	at org.junit.internal.runners.statements.InvokeMethod.evaluate(InvokeMethod.java:17) [junit-4.12.jar:4.12]
	at org.junit.internal.runners.statements.RunBefores.evaluate(RunBefores.java:26) [junit-4.12.jar:4.12]
	at org.junit.runners.ParentRunner.runLeaf(ParentRunner.java:325) [junit-4.12.jar:4.12]
	at org.junit.runners.BlockJUnit4ClassRunner.runChild(BlockJUnit4ClassRunner.java:78) [junit-4.12.jar:4.12]
	at org.junit.runners.BlockJUnit4ClassRunner.runChild(BlockJUnit4ClassRunner.java:57) [junit-4.12.jar:4.12]
	at org.junit.runners.ParentRunner$3.run(ParentRunner.java:290) [junit-4.12.jar:4.12]
	at org.junit.runners.ParentRunner$1.schedule(ParentRunner.java:71) [junit-4.12.jar:4.12]
	at org.junit.runners.ParentRunner.runChildren(ParentRunner.java:288) [junit-4.12.jar:4.12]
	at org.junit.runners.ParentRunner.access$000(ParentRunner.java:58) [junit-4.12.jar:4.12]
	at org.junit.runners.ParentRunner$2.evaluate(ParentRunner.java:268) [junit-4.12.jar:4.12]
	at org.junit.runners.ParentRunner.run(ParentRunner.java:363) [junit-4.12.jar:4.12]
	at org.apache.maven.surefire.junit4.JUnit4Provider.execute(JUnit4Provider.java:252) [surefire-junit4-2.12.4.jar:2.12.4]
	at org.apache.maven.surefire.junit4.JUnit4Provider.executeTestSet(JUnit4Provider.java:141) [surefire-junit4-2.12.4.jar:2.12.4]
	at org.apache.maven.surefire.junit4.JUnit4Provider.invoke(JUnit4Provider.java:112) [surefire-junit4-2.12.4.jar:2.12.4]
	at sun.reflect.NativeMethodAccessorImpl.invoke0(Native Method) ~[?:1.8.0_151]
	at sun.reflect.NativeMethodAccessorImpl.invoke(Unknown Source) ~[?:1.8.0_151]
	at sun.reflect.DelegatingMethodAccessorImpl.invoke(Unknown Source) ~[?:1.8.0_151]
	at java.lang.reflect.Method.invoke(Unknown Source) ~[?:1.8.0_151]
	at org.apache.maven.surefire.util.ReflectionUtils.invokeMethodWithArray(ReflectionUtils.java:189) [surefire-api-2.12.4.jar:2.12.4]
	at org.apache.maven.surefire.booter.ProviderFactory$ProviderProxy.invoke(ProviderFactory.java:165) [surefire-booter-2.12.4.jar:2.12.4]
	at org.apache.maven.surefire.booter.ProviderFactory.invokeProvider(ProviderFactory.java:85) [surefire-booter-2.12.4.jar:2.12.4]
	at org.apache.maven.surefire.booter.ForkedBooter.runSuitesInProcess(ForkedBooter.java:115) [surefire-booter-2.12.4.jar:2.12.4]
	at org.apache.maven.surefire.booter.ForkedBooter.main(ForkedBooter.java:75) [surefire-booter-2.12.4.jar:2.12.4]
2017-12-01 23:52:26  [main] ERROR AccountingService:24 - Невалидно 100 , 2017-10-X или 2017-10-X
2017-12-01 23:52:26  [main] DEBUG AuthenticationService:31 - Пароль 123 верный для пользователя Roman
2017-12-01 23:52:26  [main] ERROR AuthenticationService:28 - Пароль 1231 не верный для пользователя Roman
2017-12-01 23:52:26  [main] ERROR AuthenticationService:24 - Логин Roman123 не найден
2017-12-01 23:52:26  [main] ERROR AuthorizationService:22 - Роль xxx не существует
2017-12-01 23:52:26  [main] ERROR AuthorizationService:30 - Пользователь Roman имеет доступ к ресурсу a.b
2017-12-01 23:52:26  [main] ERROR AuthorizationService:27 - Пользователь Roman1 не имеет доступ к ресурсу a.b
2017-12-01 23:52:26  [main] ERROR AuthorizationService:27 - Пользователь Roman не имеет доступ к ресурсу xxx
